WARNING: An illegal reflective access operation has occurred
WARNING: Illegal reflective access by com.google.inject.internal.cglib.core.$ReflectUtils$1 (file:/usr/share/maven/lib/guice.jar) to method java.lang.ClassLoader.defineClass(java.lang.String,byte[],int,int,java.security.ProtectionDomain)
WARNING: Please consider reporting this to the maintainers of com.google.inject.internal.cglib.core.$ReflectUtils$1
WARNING: Use --illegal-access=warn to enable warnings of further illegal reflective access operations
WARNING: All illegal access operations will be denied in a future release
[INFO] Scanning for projects...
[WARNING] 
[WARNING] Some problems were encountered while building the effective model for Spotify-Recsys-2018:Spotify-Recsys-2018:jar:0.0.1-SNAPSHOT
[WARNING] 'build.plugins.plugin.version' for org.codehaus.mojo:exec-maven-plugin is missing. @ line 26, column 12
[WARNING] 
[WARNING] It is highly recommended to fix these problems because they threaten the stability of your build.
[WARNING] 
[WARNING] For this reason, future Maven versions might no longer support building such malformed projects.
[WARNING] 
[INFO]                                                                         
[INFO] ------------------------------------------------------------------------
[INFO] Building Spotify-Recsys-2018 0.0.1-SNAPSHOT
[INFO] ------------------------------------------------------------------------
[INFO] 
[INFO] --- exec-maven-plugin:1.6.0:java (default-cli) @ Spotify-Recsys-2018 ---
Number of Playlists: 2000
Number of unique train tracks: 54037
Training completed in 0 secs
Testing playlist 1462
Found 3 tracks out of 4
Testing playlist 1461
Found 11 tracks out of 16
Testing playlist 1460
Found 3 tracks out of 6
Testing playlist 1459
Found 1 tracks out of 1
Testing playlist 1458
Found 1 tracks out of 1
Testing playlist 1457
Found 2 tracks out of 2
Testing playlist 1456
Found 3 tracks out of 6
Testing playlist 1455
Found 1 tracks out of 3
Testing playlist 1454
Found 1 tracks out of 1
Testing playlist 1453
Found 4 tracks out of 5
Testing playlist 1452
Testing playlist 1473
Found 8 tracks out of 8
Testing playlist 1472
Found 3 tracks out of 3
Testing playlist 1471
Found 1 tracks out of 1
Testing playlist 1470
Found 0 tracks out of 1
Testing playlist 0
Found 5 tracks out of 5
Testing playlist 1
Found 1 tracks out of 1
Testing playlist 1469
Found 0 tracks out of 2
Testing playlist 2
Found 2 tracks out of 2
Testing playlist 1468
Found 9 tracks out of 12
Testing playlist 3
Found 0 tracks out of 3
Testing playlist 1467
Found 2 tracks out of 2
Testing playlist 4
Found 1 tracks out of 1
Testing playlist 1466
Found 2 tracks out of 2
Testing playlist 5
Found 3 tracks out of 7
Testing playlist 1465
Found 1 tracks out of 2
Testing playlist 6
Testing playlist 1464
Found 2 tracks out of 2
Testing playlist 7
Found 1 tracks out of 2
Testing playlist 1463
Found 4 tracks out of 4
Testing playlist 8
Found 2 tracks out of 3
Testing playlist 9
Found 0 tracks out of 1
Testing playlist 1000
Found 4 tracks out of 6
Testing playlist 1484
Testing playlist 1483
Found 1 tracks out of 1
Testing playlist 1482
Found 9 tracks out of 18
Testing playlist 1481
Found 8 tracks out of 9
Testing playlist 1480
Found 5 tracks out of 14
Testing playlist 1479
Found 1 tracks out of 3
Testing playlist 1478
Found 1 tracks out of 1
Testing playlist 1477
Testing playlist 1476
Found 4 tracks out of 4
Testing playlist 1475
Found 0 tracks out of 1
Testing playlist 1474
Found 1 tracks out of 1
Testing playlist 1011
Found 3 tracks out of 9
Testing playlist 1495
Found 3 tracks out of 4
Testing playlist 1010
Found 3 tracks out of 5
Testing playlist 1494
Found 4 tracks out of 5
Testing playlist 1493
Found 1 tracks out of 4
Testing playlist 1492
Found 7 tracks out of 10
Testing playlist 1491
Found 2 tracks out of 3
Testing playlist 1490
Found 1 tracks out of 1
Testing playlist 1008
Found 2 tracks out of 4
Testing playlist 1007
Found 4 tracks out of 4
Testing playlist 1006
Found 3 tracks out of 8
Testing playlist 1005
Found 0 tracks out of 2
Testing playlist 1489
Found 2 tracks out of 6
Testing playlist 1004
Found 3 tracks out of 9
Testing playlist 1488
Testing playlist 1003
Found 5 tracks out of 16
Testing playlist 1487
Found 3 tracks out of 3
Testing playlist 1002
Testing playlist 1486
Found 2 tracks out of 5
Testing playlist 1001
Found 1 tracks out of 2
Testing playlist 1485
Testing playlist 1009
Found 2 tracks out of 4
Testing playlist 1022
Found 1 tracks out of 1
Testing playlist 1021
Testing playlist 1020
Testing playlist 1019
Found 3 tracks out of 4
Testing playlist 1018
Found 6 tracks out of 10
Testing playlist 1017
Testing playlist 1016
Found 14 tracks out of 15
Testing playlist 1015
Testing playlist 1499
Found 7 tracks out of 8
Testing playlist 1014
Found 1 tracks out of 5
Testing playlist 1498
Found 1 tracks out of 4
Testing playlist 1013
Found 6 tracks out of 6
Testing playlist 1497
Found 7 tracks out of 9
Testing playlist 1012
Found 1 tracks out of 1
Testing playlist 1496
Found 1 tracks out of 4
Testing playlist 1033
Found 0 tracks out of 1
Testing playlist 1032
Found 0 tracks out of 1
Testing playlist 1031
Found 1 tracks out of 1
Testing playlist 1030
Found 2 tracks out of 3
Testing playlist 1029
Found 0 tracks out of 1
Testing playlist 1028
Found 8 tracks out of 12
Testing playlist 1027
Found 2 tracks out of 2
Testing playlist 1026
Testing playlist 1025
Found 5 tracks out of 19
Testing playlist 600
Found 9 tracks out of 14
Testing playlist 1024
Testing playlist 601
Found 0 tracks out of 2
Testing playlist 1023
Found 0 tracks out of 3
Testing playlist 602
Found 2 tracks out of 4
Testing playlist 603
Found 4 tracks out of 6
Testing playlist 604
Testing playlist 605
Found 8 tracks out of 8
Testing playlist 606
Found 8 tracks out of 10
Testing playlist 607
Found 3 tracks out of 11
Testing playlist 608
Found 3 tracks out of 6
Testing playlist 609
Found 5 tracks out of 5
Testing playlist 1044
Found 3 tracks out of 4
Testing playlist 1043
Found 2 tracks out of 2
Testing playlist 1042
Found 6 tracks out of 6
Testing playlist 1041
Found 0 tracks out of 1
Testing playlist 1040
Found 1 tracks out of 1
Testing playlist 1039
Found 7 tracks out of 9
Testing playlist 1038
Found 1 tracks out of 1
Testing playlist 1037
Found 4 tracks out of 7
Testing playlist 610
Found 3 tracks out of 3
Testing playlist 1036
Found 2 tracks out of 3
Testing playlist 611
Found 4 tracks out of 9
Testing playlist 1035
Found 1 tracks out of 2
Testing playlist 612
Found 7 tracks out of 8
Testing playlist 1034
Found 0 tracks out of 1
Testing playlist 613
Found 1 tracks out of 2
Testing playlist 614
Found 2 tracks out of 3
Testing playlist 615
Testing playlist 616
Found 2 tracks out of 10
Testing playlist 617
Found 3 tracks out of 5
Testing playlist 618
Testing playlist 619
Found 1 tracks out of 1
Testing playlist 1055
Found 1 tracks out of 1
Testing playlist 1054
Found 5 tracks out of 8
Testing playlist 1053
Found 1 tracks out of 3
Testing playlist 1052
Found 2 tracks out of 5
Testing playlist 1051
Found 1 tracks out of 2
Testing playlist 1050
Found 1 tracks out of 1
Testing playlist 1049
Found 0 tracks out of 1
Testing playlist 620
Found 2 tracks out of 2
Testing playlist 1048
Found 2 tracks out of 2
Testing playlist 621
Found 5 tracks out of 9
Testing playlist 1047
Found 3 tracks out of 6
Testing playlist 622
Found 1 tracks out of 1
Testing playlist 1046
Testing playlist 623
Found 4 tracks out of 5
Testing playlist 1045
Found 1 tracks out of 9
Testing playlist 624
Testing playlist 625
Found 6 tracks out of 9
Testing playlist 626
Found 4 tracks out of 8
Testing playlist 627
Found 1 tracks out of 2
Testing playlist 628
Found 1 tracks out of 2
Testing playlist 629
Found 1 tracks out of 1
Testing playlist 1066
Found 0 tracks out of 1
Testing playlist 1065
Found 2 tracks out of 2
Testing playlist 1064
Found 6 tracks out of 8
Testing playlist 1063
Found 4 tracks out of 11
Testing playlist 1062
Found 5 tracks out of 6
Testing playlist 1061
Found 0 tracks out of 3
Testing playlist 1060
Testing playlist 630
Found 1 tracks out of 5
Testing playlist 631
Found 1 tracks out of 3
Testing playlist 1059
Found 6 tracks out of 15
Testing playlist 632
Found 2 tracks out of 3
Testing playlist 1058
Found 1 tracks out of 1
Testing playlist 633
Found 6 tracks out of 12
Testing playlist 1057
Found 2 tracks out of 4
Testing playlist 634
Found 5 tracks out of 5
Testing playlist 1056
Found 6 tracks out of 12
Testing playlist 635
Found 5 tracks out of 7
Testing playlist 636
Found 1 tracks out of 6
Testing playlist 637
Found 19 tracks out of 20
Testing playlist 638
Found 1 tracks out of 2
Testing playlist 639
Found 1 tracks out of 3
Testing playlist 1077
Testing playlist 1076
Found 1 tracks out of 2
Testing playlist 1075
Found 0 tracks out of 2
Testing playlist 1074
Found 2 tracks out of 3
Testing playlist 1073
Found 6 tracks out of 13
Testing playlist 1072
Found 5 tracks out of 12
Testing playlist 1071
Found 3 tracks out of 3
Testing playlist 1070
Found 10 tracks out of 17
Testing playlist 640
Found 2 tracks out of 3
Testing playlist 641
Testing playlist 642
Found 8 tracks out of 10
Testing playlist 643
Found 8 tracks out of 9
Testing playlist 1069
Found 4 tracks out of 10
Testing playlist 644
Testing playlist 1068
Testing playlist 645
Found 1 tracks out of 1
Testing playlist 1067
Found 8 tracks out of 8
Testing playlist 646
Found 1 tracks out of 1
Testing playlist 647
Found 4 tracks out of 11
Testing playlist 648
Found 3 tracks out of 8
Testing playlist 649
Found 4 tracks out of 7
Testing playlist 1080
Found 1 tracks out of 2
Testing playlist 1088
Found 1 tracks out of 1
Testing playlist 1087
Found 3 tracks out of 4
Testing playlist 1086
Found 1 tracks out of 1
Testing playlist 1085
Testing playlist 1084
Found 7 tracks out of 9
Testing playlist 1083
Found 2 tracks out of 3
Testing playlist 1082
Found 1 tracks out of 1
Testing playlist 1081
Found 1 tracks out of 1
Testing playlist 650
Found 2 tracks out of 3
Testing playlist 651
Found 3 tracks out of 4
Testing playlist 652
Found 1 tracks out of 4
Testing playlist 653
Testing playlist 654
Found 3 tracks out of 4
Testing playlist 655
Found 4 tracks out of 4
Testing playlist 1079
Testing playlist 656
Found 8 tracks out of 9
Testing playlist 1078
Found 1 tracks out of 3
Testing playlist 657
Found 6 tracks out of 10
Testing playlist 658
Found 5 tracks out of 6
Testing playlist 659
Found 2 tracks out of 8
Testing playlist 1091
Found 3 tracks out of 4
Testing playlist 1090
Found 4 tracks out of 4
Testing playlist 1099
Found 1 tracks out of 4
Testing playlist 1098
Found 0 tracks out of 1
Testing playlist 1097
Found 1 tracks out of 2
Testing playlist 1096
Found 12 tracks out of 16
Testing playlist 1095
Found 3 tracks out of 6
Testing playlist 1094
Found 7 tracks out of 7
Testing playlist 1093
Found 1 tracks out of 2
Testing playlist 1092
Found 3 tracks out of 3
Testing playlist 660
Found 2 tracks out of 4
Testing playlist 661
Found 4 tracks out of 5
Testing playlist 662
Found 0 tracks out of 6
Testing playlist 663
Found 3 tracks out of 3
Testing playlist 664
Found 0 tracks out of 1
Testing playlist 665
Found 0 tracks out of 1
Testing playlist 666
Found 1 tracks out of 3
Testing playlist 667
Found 0 tracks out of 2
Testing playlist 1089
Found 2 tracks out of 2
Testing playlist 668
Testing playlist 669
Found 2 tracks out of 5
Testing playlist 670
Found 1 tracks out of 4
Testing playlist 671
Testing playlist 672
Found 2 tracks out of 7
Testing playlist 673
Found 4 tracks out of 12
Testing playlist 674
Testing playlist 675
Testing playlist 676
Found 8 tracks out of 8
Testing playlist 677
Found 3 tracks out of 4
Testing playlist 678
Found 1 tracks out of 1
Testing playlist 679
Found 1 tracks out of 1
Testing playlist 680
Found 7 tracks out of 13
Testing playlist 681
Found 1 tracks out of 1
Testing playlist 682
Found 6 tracks out of 8
Testing playlist 683
Found 12 tracks out of 16
Testing playlist 200
Found 1 tracks out of 1
Testing playlist 684
Testing playlist 201
Found 0 tracks out of 3
Testing playlist 685
Found 1 tracks out of 1
Testing playlist 202
Found 3 tracks out of 6
Testing playlist 686
Found 1 tracks out of 2
Testing playlist 203
Found 1 tracks out of 3
Testing playlist 687
Found 2 tracks out of 11
Testing playlist 204
Found 0 tracks out of 1
Testing playlist 688
Found 2 tracks out of 4
Testing playlist 205
Found 0 tracks out of 4
Testing playlist 689
Found 5 tracks out of 11
Testing playlist 206
Found 1 tracks out of 1
Testing playlist 207
Found 4 tracks out of 4
Testing playlist 208
Found 1 tracks out of 2
Testing playlist 209
Found 4 tracks out of 5
Testing playlist 690
Found 4 tracks out of 5
Testing playlist 691
Found 2 tracks out of 6
Testing playlist 692
Found 1 tracks out of 1
Testing playlist 693
Found 2 tracks out of 5
Testing playlist 210
Found 7 tracks out of 8
Testing playlist 694
Found 9 tracks out of 13
Testing playlist 211
Found 5 tracks out of 7
Testing playlist 695
Found 2 tracks out of 2
Testing playlist 212
Found 9 tracks out of 9
Testing playlist 696
Found 2 tracks out of 3
Testing playlist 213
Found 1 tracks out of 1
Testing playlist 697
Found 6 tracks out of 8
Testing playlist 214
Found 10 tracks out of 14
Testing playlist 698
Found 1 tracks out of 1
Testing playlist 215
Found 1 tracks out of 4
Testing playlist 699
Found 7 tracks out of 14
Testing playlist 216
Testing playlist 217
Found 6 tracks out of 10
Testing playlist 218
Found 6 tracks out of 7
Testing playlist 219
Found 2 tracks out of 2
Testing playlist 220
Found 5 tracks out of 5
Testing playlist 221
Found 1 tracks out of 1
Testing playlist 222
Found 1 tracks out of 1
Testing playlist 223
Found 8 tracks out of 10
Testing playlist 224
Found 1 tracks out of 5
Testing playlist 225
Found 5 tracks out of 8
Testing playlist 226
Testing playlist 227
Found 4 tracks out of 4
Testing playlist 228
Found 10 tracks out of 16
Testing playlist 229
Found 0 tracks out of 1
Testing playlist 230
Found 0 tracks out of 1
Testing playlist 231
Found 3 tracks out of 13
Testing playlist 232
Found 4 tracks out of 5
Testing playlist 233
Found 1 tracks out of 1
Testing playlist 234
Found 4 tracks out of 4
Testing playlist 235
Found 1 tracks out of 3
Testing playlist 236
Found 4 tracks out of 4
Testing playlist 237
Found 7 tracks out of 9
Testing playlist 238
Testing playlist 239
Found 5 tracks out of 11
Testing playlist 1909
Found 7 tracks out of 14
Testing playlist 1908
Testing playlist 240
Found 0 tracks out of 3
Testing playlist 241
Found 2 tracks out of 3
Testing playlist 242
Found 0 tracks out of 1
Testing playlist 243
Found 9 tracks out of 11
Testing playlist 244
Found 2 tracks out of 4
Testing playlist 245
Found 4 tracks out of 5
Testing playlist 246
Found 0 tracks out of 3
Testing playlist 247
Found 1 tracks out of 1
Testing playlist 248
Testing playlist 249
Found 2 tracks out of 2
Testing playlist 1907
Found 1 tracks out of 3
Testing playlist 1906
Found 8 tracks out of 10
Testing playlist 1905
Found 5 tracks out of 6
Testing playlist 1904
Testing playlist 1903
Found 0 tracks out of 1
Testing playlist 1902
Found 7 tracks out of 9
Testing playlist 1901
Found 1 tracks out of 7
Testing playlist 1900
Found 0 tracks out of 3
Testing playlist 1919
Found 3 tracks out of 3
Testing playlist 250
Found 3 tracks out of 3
Testing playlist 251
Testing playlist 252
Found 6 tracks out of 7
Testing playlist 253
Found 5 tracks out of 7
Testing playlist 1910
Found 1 tracks out of 1
Testing playlist 254
Found 3 tracks out of 3
Testing playlist 255
Found 1 tracks out of 1
Testing playlist 256
Found 3 tracks out of 6
Testing playlist 257
Found 2 tracks out of 2
Testing playlist 258
Found 1 tracks out of 2
Testing playlist 259
Testing playlist 1918
Found 1 tracks out of 2
Testing playlist 1917
Found 0 tracks out of 1
Testing playlist 1916
Found 6 tracks out of 8
Testing playlist 1915
Found 0 tracks out of 1
Testing playlist 1914
Found 0 tracks out of 1
Testing playlist 1913
Found 2 tracks out of 4
Testing playlist 1912
Found 2 tracks out of 2
Testing playlist 1911
Found 0 tracks out of 8
Testing playlist 260
Found 5 tracks out of 5
Testing playlist 261
Found 0 tracks out of 1
Testing playlist 262
Found 10 tracks out of 13
Testing playlist 263
Found 1 tracks out of 2
Testing playlist 264
Found 3 tracks out of 10
Testing playlist 1921
Found 4 tracks out of 5
Testing playlist 265
Found 5 tracks out of 8
Testing playlist 1920
Found 0 tracks out of 1
Testing playlist 266
Found 1 tracks out of 1
Testing playlist 267
Found 2 tracks out of 3
Testing playlist 268
Found 2 tracks out of 3
Testing playlist 269
Found 0 tracks out of 1
Testing playlist 1929
Found 1 tracks out of 1
Testing playlist 1928
Found 1 tracks out of 1
Testing playlist 1927
Found 0 tracks out of 1
Testing playlist 1926
Found 4 tracks out of 6
Testing playlist 1925
Found 2 tracks out of 3
Testing playlist 1924
Found 2 tracks out of 3
Testing playlist 1923
Found 11 tracks out of 13
Testing playlist 1922
Found 1 tracks out of 2
Testing playlist 270
Found 5 tracks out of 6
Testing playlist 271
Found 0 tracks out of 1
Testing playlist 272
Found 0 tracks out of 1
Testing playlist 273
Found 1 tracks out of 1
Testing playlist 274
Found 1 tracks out of 3
Testing playlist 275
Found 3 tracks out of 5
Testing playlist 1932
Found 3 tracks out of 3
Testing playlist 276
Testing playlist 1931
Found 0 tracks out of 1
Testing playlist 277
Found 3 tracks out of 4
Testing playlist 1930
Found 1 tracks out of 2
Testing playlist 278
Testing playlist 279
Found 8 tracks out of 8
Testing playlist 1939
Found 0 tracks out of 1
Testing playlist 1938
Found 3 tracks out of 5
Testing playlist 1937
Found 3 tracks out of 3
Testing playlist 1936
Found 1 tracks out of 2
Testing playlist 1935
Found 4 tracks out of 14
Testing playlist 1934
Found 3 tracks out of 7
Testing playlist 1933
Testing playlist 280
Found 2 tracks out of 3
Testing playlist 281
Found 0 tracks out of 2
Testing playlist 282
Found 2 tracks out of 2
Testing playlist 283
Found 4 tracks out of 7
Testing playlist 284
Found 6 tracks out of 6
Testing playlist 285
Found 9 tracks out of 9
Testing playlist 286
Testing playlist 1943
Found 2 tracks out of 2
Testing playlist 287
Found 1 tracks out of 2
Testing playlist 1942
Found 2 tracks out of 3
Testing playlist 288
Found 0 tracks out of 1
Testing playlist 1941
Testing playlist 289
Found 1 tracks out of 1
Testing playlist 1940
Testing playlist 1949
Found 1 tracks out of 3
Testing playlist 1948
Found 1 tracks out of 1
Testing playlist 1947
Found 5 tracks out of 11
Testing playlist 1946
Found 6 tracks out of 11
Testing playlist 1945
Found 5 tracks out of 11
Testing playlist 1944
Testing playlist 290
Found 0 tracks out of 1
Testing playlist 291
Found 5 tracks out of 6
Testing playlist 292
Found 3 tracks out of 3
Testing playlist 293
Found 5 tracks out of 5
Testing playlist 294
Found 8 tracks out of 8
Testing playlist 295
Found 1 tracks out of 1
Testing playlist 296
Found 1 tracks out of 1
Testing playlist 297
Found 2 tracks out of 2
Testing playlist 1954
Found 10 tracks out of 15
Testing playlist 298
Found 2 tracks out of 4
Testing playlist 1953
Found 1 tracks out of 4
Testing playlist 299
Found 1 tracks out of 2
Testing playlist 1952
Found 1 tracks out of 1
Testing playlist 1951
Testing playlist 1950
Testing playlist 1959
Testing playlist 1958
Found 1 tracks out of 2
Testing playlist 1957
Found 5 tracks out of 10
Testing playlist 1956
Testing playlist 1955
Found 3 tracks out of 8
Testing playlist 1965
Found 1 tracks out of 1
Testing playlist 1964
Found 5 tracks out of 6
Testing playlist 1963
Found 0 tracks out of 1
Testing playlist 1962
Found 6 tracks out of 6
Testing playlist 1961
Found 2 tracks out of 2
Testing playlist 1960
Found 2 tracks out of 4
Testing playlist 1969
Found 4 tracks out of 4
Testing playlist 1968
Found 1 tracks out of 1
Testing playlist 1967
Found 2 tracks out of 2
Testing playlist 1966
Found 13 tracks out of 22
Testing playlist 1976
Found 2 tracks out of 5
Testing playlist 1975
Found 1 tracks out of 5
Testing playlist 1974
Found 5 tracks out of 8
Testing playlist 1973
Found 0 tracks out of 1
Testing playlist 1972
Found 0 tracks out of 3
Testing playlist 1971
Found 3 tracks out of 10
Testing playlist 1970
Found 2 tracks out of 2
Testing playlist 1979
Found 2 tracks out of 2
Testing playlist 1978
Found 5 tracks out of 5
Testing playlist 1977
Found 0 tracks out of 2
Testing playlist 1990
Found 2 tracks out of 3
Testing playlist 1503
Found 1 tracks out of 2
Testing playlist 1987
Testing playlist 1502
Found 1 tracks out of 1
Testing playlist 1986
Testing playlist 1501
Found 3 tracks out of 5
Testing playlist 1985
Testing playlist 1500
Found 1 tracks out of 2
Testing playlist 1984
Found 2 tracks out of 3
Testing playlist 1983
Found 0 tracks out of 1
Testing playlist 1982
Found 1 tracks out of 1
Testing playlist 1981
Found 2 tracks out of 2
Testing playlist 1980
Found 1 tracks out of 2
Testing playlist 1509
Found 1 tracks out of 3
Testing playlist 1508
Found 1 tracks out of 1
Testing playlist 1507
Found 3 tracks out of 3
Testing playlist 1506
Found 1 tracks out of 3
Testing playlist 1505
Found 0 tracks out of 1
Testing playlist 1989
Found 3 tracks out of 3
Testing playlist 1504
Found 7 tracks out of 7
Testing playlist 1988
Found 4 tracks out of 8
Testing playlist 1514
Testing playlist 1998
Found 1 tracks out of 2
Testing playlist 1513
Found 0 tracks out of 2
Testing playlist 1997
Found 2 tracks out of 2
Testing playlist 1512
Found 1 tracks out of 2
Testing playlist 1996
Found 1 tracks out of 3
Testing playlist 1511
Found 1 tracks out of 2
Testing playlist 1995
Found 3 tracks out of 6
Testing playlist 1510
Found 0 tracks out of 3
Testing playlist 1994
Found 1 tracks out of 1
Testing playlist 1993
Found 0 tracks out of 1
Testing playlist 1992
Found 16 tracks out of 21
Testing playlist 1991
Found 1 tracks out of 3
Testing playlist 1519
Found 5 tracks out of 6
Testing playlist 1518
Testing playlist 1517
Found 4 tracks out of 4
Testing playlist 1516
Found 3 tracks out of 6
Testing playlist 1515
Found 0 tracks out of 1
Testing playlist 1999
Found 0 tracks out of 1
Testing playlist 1525
