WARNING: An illegal reflective access operation has occurred
WARNING: Illegal reflective access by com.google.inject.internal.cglib.core.$ReflectUtils$1 (file:/usr/share/maven/lib/guice.jar) to method java.lang.ClassLoader.defineClass(java.lang.String,byte[],int,int,java.security.ProtectionDomain)
WARNING: Please consider reporting this to the maintainers of com.google.inject.internal.cglib.core.$ReflectUtils$1
WARNING: Use --illegal-access=warn to enable warnings of further illegal reflective access operations
WARNING: All illegal access operations will be denied in a future release
[INFO] Scanning for projects...
[WARNING] 
[WARNING] Some problems were encountered while building the effective model for Spotify-Recsys-2018:Spotify-Recsys-2018:jar:0.0.1-SNAPSHOT
[WARNING] 'build.plugins.plugin.version' for org.codehaus.mojo:exec-maven-plugin is missing. @ line 26, column 12
[WARNING] 
[WARNING] It is highly recommended to fix these problems because they threaten the stability of your build.
[WARNING] 
[WARNING] For this reason, future Maven versions might no longer support building such malformed projects.
[WARNING] 
[INFO]                                                                         
[INFO] ------------------------------------------------------------------------
[INFO] Building Spotify-Recsys-2018 0.0.1-SNAPSHOT
[INFO] ------------------------------------------------------------------------
[INFO] 
[INFO] --- exec-maven-plugin:1.6.0:java (default-cli) @ Spotify-Recsys-2018 ---
Number of Playlists: 2000
Number of unique train tracks: 53960
Training completed in 0 secs
Testing playlist 1462
Found 2 tracks out of 3
Testing playlist 1461
Found 14 tracks out of 17
Testing playlist 1460
Found 4 tracks out of 7
Testing playlist 1459
Found 0 tracks out of 1
Testing playlist 1458
Found 0 tracks out of 1
Testing playlist 1457
Found 1 tracks out of 2
Testing playlist 1456
Found 4 tracks out of 5
Testing playlist 1455
Found 4 tracks out of 6
Testing playlist 1454
Testing playlist 1453
Found 3 tracks out of 3
Testing playlist 1452
Found 1 tracks out of 1
Testing playlist 1473
Found 5 tracks out of 8
Testing playlist 1472
Found 3 tracks out of 3
Testing playlist 1471
Testing playlist 1470
Found 1 tracks out of 2
Testing playlist 0
Found 4 tracks out of 5
Testing playlist 1
Found 1 tracks out of 2
Testing playlist 1469
Found 1 tracks out of 5
Testing playlist 2
Found 3 tracks out of 3
Testing playlist 1468
Found 10 tracks out of 13
Testing playlist 3
Found 1 tracks out of 4
Testing playlist 1467
Found 1 tracks out of 1
Testing playlist 4
Found 1 tracks out of 1
Testing playlist 1466
Found 2 tracks out of 2
Testing playlist 5
Found 6 tracks out of 8
Testing playlist 1465
Found 0 tracks out of 1
Testing playlist 6
Testing playlist 1464
Found 1 tracks out of 6
Testing playlist 7
Found 0 tracks out of 1
Testing playlist 1463
Found 4 tracks out of 5
Testing playlist 8
Found 3 tracks out of 4
Testing playlist 9
Found 0 tracks out of 1
Testing playlist 1000
Found 4 tracks out of 4
Testing playlist 1484
Testing playlist 1483
Found 1 tracks out of 1
Testing playlist 1482
Found 7 tracks out of 19
Testing playlist 1481
Found 7 tracks out of 8
Testing playlist 1480
Found 7 tracks out of 13
Testing playlist 1479
Found 2 tracks out of 2
Testing playlist 1478
Found 1 tracks out of 1
Testing playlist 1477
Testing playlist 1476
Found 0 tracks out of 2
Testing playlist 1475
Found 1 tracks out of 1
Testing playlist 1474
Found 0 tracks out of 1
Testing playlist 1011
Found 1 tracks out of 5
Testing playlist 1495
Found 3 tracks out of 4
Testing playlist 1010
Found 4 tracks out of 6
Testing playlist 1494
Found 3 tracks out of 5
Testing playlist 1493
Found 2 tracks out of 4
Testing playlist 1492
Found 8 tracks out of 13
Testing playlist 1491
Found 5 tracks out of 6
Testing playlist 1490
Found 0 tracks out of 1
Testing playlist 1008
Found 1 tracks out of 3
Testing playlist 1007
Found 4 tracks out of 4
Testing playlist 1006
Found 5 tracks out of 7
Testing playlist 1005
Found 1 tracks out of 2
Testing playlist 1489
Found 4 tracks out of 7
Testing playlist 1004
Found 3 tracks out of 8
Testing playlist 1488
Testing playlist 1003
Found 4 tracks out of 16
Testing playlist 1487
Found 2 tracks out of 2
Testing playlist 1002
Testing playlist 1486
Found 2 tracks out of 3
Testing playlist 1001
Found 1 tracks out of 1
Testing playlist 1485
Testing playlist 1009
Found 1 tracks out of 3
Testing playlist 1022
Found 1 tracks out of 1
Testing playlist 1021
Found 1 tracks out of 1
Testing playlist 1020
Testing playlist 1019
Found 3 tracks out of 3
Testing playlist 1018
Found 8 tracks out of 11
Testing playlist 1017
Found 1 tracks out of 1
Testing playlist 1016
Found 13 tracks out of 17
Testing playlist 1015
Found 0 tracks out of 1
Testing playlist 1499
Found 3 tracks out of 8
Testing playlist 1014
Found 2 tracks out of 6
Testing playlist 1498
Found 3 tracks out of 3
Testing playlist 1013
Found 4 tracks out of 5
Testing playlist 1497
Found 8 tracks out of 8
Testing playlist 1012
Found 1 tracks out of 1
Testing playlist 1496
Found 2 tracks out of 5
Testing playlist 1033
Found 3 tracks out of 3
Testing playlist 1032
Found 3 tracks out of 3
Testing playlist 1031
Found 1 tracks out of 1
Testing playlist 1030
Found 3 tracks out of 3
Testing playlist 1029
Found 0 tracks out of 1
Testing playlist 1028
Found 7 tracks out of 14
Testing playlist 1027
Found 2 tracks out of 2
Testing playlist 1026
Testing playlist 1025
Found 11 tracks out of 17
Testing playlist 600
Found 7 tracks out of 13
Testing playlist 1024
Found 0 tracks out of 1
Testing playlist 601
Found 2 tracks out of 3
Testing playlist 1023
Found 2 tracks out of 2
Testing playlist 602
Found 1 tracks out of 3
Testing playlist 603
Found 3 tracks out of 7
Testing playlist 604
Found 0 tracks out of 1
Testing playlist 605
Found 3 tracks out of 6
Testing playlist 606
Found 10 tracks out of 11
Testing playlist 607
Found 3 tracks out of 9
Testing playlist 608
Found 3 tracks out of 6
Testing playlist 609
Found 6 tracks out of 6
Testing playlist 1044
Found 4 tracks out of 4
Testing playlist 1043
Found 3 tracks out of 3
Testing playlist 1042
Found 6 tracks out of 6
Testing playlist 1041
Testing playlist 1040
Found 1 tracks out of 1
Testing playlist 1039
Found 7 tracks out of 8
Testing playlist 1038
Testing playlist 1037
Found 4 tracks out of 6
Testing playlist 610
Found 1 tracks out of 1
Testing playlist 1036
Found 4 tracks out of 4
Testing playlist 611
Found 1 tracks out of 7
Testing playlist 1035
Found 4 tracks out of 6
Testing playlist 612
Found 6 tracks out of 7
Testing playlist 1034
Testing playlist 613
Found 0 tracks out of 1
Testing playlist 614
Found 0 tracks out of 1
Testing playlist 615
Found 2 tracks out of 2
Testing playlist 616
Found 6 tracks out of 11
Testing playlist 617
Found 3 tracks out of 4
Testing playlist 618
Found 1 tracks out of 1
Testing playlist 619
Found 0 tracks out of 1
Testing playlist 1055
Found 1 tracks out of 1
Testing playlist 1054
Found 3 tracks out of 7
Testing playlist 1053
Found 1 tracks out of 1
Testing playlist 1052
Found 1 tracks out of 3
Testing playlist 1051
Found 0 tracks out of 2
Testing playlist 1050
Found 1 tracks out of 1
Testing playlist 1049
Found 1 tracks out of 4
Testing playlist 620
Found 2 tracks out of 2
Testing playlist 1048
Found 3 tracks out of 3
Testing playlist 621
Found 4 tracks out of 7
Testing playlist 1047
Found 3 tracks out of 5
Testing playlist 622
Found 2 tracks out of 3
Testing playlist 1046
Found 0 tracks out of 1
Testing playlist 623
Found 4 tracks out of 4
Testing playlist 1045
Found 5 tracks out of 9
Testing playlist 624
Testing playlist 625
Found 7 tracks out of 7
Testing playlist 626
Found 4 tracks out of 8
Testing playlist 627
Found 1 tracks out of 2
Testing playlist 628
Found 2 tracks out of 2
Testing playlist 629
Found 2 tracks out of 2
Testing playlist 1066
Found 0 tracks out of 1
Testing playlist 1065
Found 2 tracks out of 2
Testing playlist 1064
Found 9 tracks out of 13
Testing playlist 1063
Found 4 tracks out of 9
Testing playlist 1062
Found 3 tracks out of 4
Testing playlist 1061
Found 2 tracks out of 3
Testing playlist 1060
Testing playlist 630
Found 5 tracks out of 6
Testing playlist 631
Found 3 tracks out of 3
Testing playlist 1059
Found 4 tracks out of 14
Testing playlist 632
Found 2 tracks out of 5
Testing playlist 1058
Found 0 tracks out of 1
Testing playlist 633
Found 10 tracks out of 16
Testing playlist 1057
Found 0 tracks out of 1
Testing playlist 634
Found 5 tracks out of 5
Testing playlist 1056
Found 6 tracks out of 12
Testing playlist 635
Found 5 tracks out of 8
Testing playlist 636
Found 2 tracks out of 5
Testing playlist 637
Found 16 tracks out of 20
Testing playlist 638
Found 0 tracks out of 2
Testing playlist 639
Found 3 tracks out of 3
Testing playlist 1077
Testing playlist 1076
Found 0 tracks out of 2
Testing playlist 1075
Found 2 tracks out of 2
Testing playlist 1074
Found 0 tracks out of 3
Testing playlist 1073
Found 4 tracks out of 13
Testing playlist 1072
Found 4 tracks out of 10
Testing playlist 1071
Found 1 tracks out of 2
Testing playlist 1070
Found 8 tracks out of 14
Testing playlist 640
Found 2 tracks out of 3
Testing playlist 641
Testing playlist 642
Found 8 tracks out of 10
Testing playlist 643
Found 5 tracks out of 10
Testing playlist 1069
Found 4 tracks out of 11
Testing playlist 644
Found 2 tracks out of 3
Testing playlist 1068
Found 0 tracks out of 1
Testing playlist 645
Found 1 tracks out of 1
Testing playlist 1067
Found 8 tracks out of 8
Testing playlist 646
Testing playlist 647
Found 5 tracks out of 8
Testing playlist 648
Found 3 tracks out of 10
Testing playlist 649
Found 6 tracks out of 8
Testing playlist 1080
Found 1 tracks out of 1
Testing playlist 1088
Found 1 tracks out of 1
Testing playlist 1087
Found 1 tracks out of 5
Testing playlist 1086
Found 0 tracks out of 1
Testing playlist 1085
Found 0 tracks out of 1
Testing playlist 1084
Found 9 tracks out of 11
Testing playlist 1083
Found 2 tracks out of 4
Testing playlist 1082
Found 1 tracks out of 1
Testing playlist 1081
Found 1 tracks out of 1
Testing playlist 650
Found 2 tracks out of 3
Testing playlist 651
Found 3 tracks out of 4
Testing playlist 652
Found 1 tracks out of 4
Testing playlist 653
Testing playlist 654
Found 4 tracks out of 4
Testing playlist 655
Found 4 tracks out of 4
Testing playlist 1079
Found 0 tracks out of 1
Testing playlist 656
Found 3 tracks out of 8
Testing playlist 1078
Found 2 tracks out of 4
Testing playlist 657
Found 5 tracks out of 9
Testing playlist 658
Found 4 tracks out of 5
Testing playlist 659
Found 4 tracks out of 9
Testing playlist 1091
Found 2 tracks out of 4
Testing playlist 1090
Found 1 tracks out of 3
Testing playlist 1099
Found 1 tracks out of 3
Testing playlist 1098
Found 1 tracks out of 2
Testing playlist 1097
Found 0 tracks out of 1
Testing playlist 1096
Found 16 tracks out of 17
Testing playlist 1095
Found 2 tracks out of 3
Testing playlist 1094
Found 5 tracks out of 7
Testing playlist 1093
Found 0 tracks out of 2
Testing playlist 1092
Found 3 tracks out of 3
Testing playlist 660
Found 1 tracks out of 2
Testing playlist 661
Found 4 tracks out of 5
Testing playlist 662
Found 0 tracks out of 7
Testing playlist 663
Found 5 tracks out of 5
Testing playlist 664
Found 1 tracks out of 1
Testing playlist 665
Found 2 tracks out of 3
Testing playlist 666
Found 1 tracks out of 2
Testing playlist 667
Found 1 tracks out of 2
Testing playlist 1089
Found 1 tracks out of 2
Testing playlist 668
Found 0 tracks out of 1
Testing playlist 669
Found 1 tracks out of 4
Testing playlist 670
Found 4 tracks out of 4
Testing playlist 671
Testing playlist 672
Found 3 tracks out of 5
Testing playlist 673
Found 2 tracks out of 11
Testing playlist 674
Found 1 tracks out of 1
Testing playlist 675
Testing playlist 676
Found 7 tracks out of 8
Testing playlist 677
Found 4 tracks out of 5
Testing playlist 678
Found 1 tracks out of 1
Testing playlist 679
Found 1 tracks out of 1
Testing playlist 680
Found 5 tracks out of 11
Testing playlist 681
Found 1 tracks out of 1
Testing playlist 682
Found 5 tracks out of 8
Testing playlist 683
Found 8 tracks out of 15
Testing playlist 200
Found 0 tracks out of 1
Testing playlist 684
Testing playlist 201
Found 2 tracks out of 3
Testing playlist 685
Found 1 tracks out of 1
Testing playlist 202
Found 3 tracks out of 4
Testing playlist 686
Found 1 tracks out of 1
Testing playlist 203
Found 0 tracks out of 3
Testing playlist 687
Found 5 tracks out of 10
Testing playlist 204
Found 0 tracks out of 1
Testing playlist 688
Found 4 tracks out of 5
Testing playlist 205
Found 2 tracks out of 3
Testing playlist 689
Found 6 tracks out of 13
Testing playlist 206
Found 1 tracks out of 1
Testing playlist 207
Found 2 tracks out of 4
Testing playlist 208
Found 3 tracks out of 3
Testing playlist 209
Found 2 tracks out of 4
Testing playlist 690
Found 4 tracks out of 5
Testing playlist 691
Found 1 tracks out of 6
Testing playlist 692
Testing playlist 693
Found 2 tracks out of 7
Testing playlist 210
Found 1 tracks out of 1
Testing playlist 694
Found 12 tracks out of 14
Testing playlist 211
Found 5 tracks out of 7
Testing playlist 695
Testing playlist 212
Found 4 tracks out of 8
Testing playlist 696
Found 3 tracks out of 3
Testing playlist 213
Found 1 tracks out of 1
Testing playlist 697
Found 3 tracks out of 6
Testing playlist 214
Found 9 tracks out of 15
Testing playlist 698
Found 0 tracks out of 1
Testing playlist 215
Found 2 tracks out of 4
Testing playlist 699
Found 8 tracks out of 18
Testing playlist 216
Testing playlist 217
Found 9 tracks out of 10
Testing playlist 218
Found 6 tracks out of 9
Testing playlist 219
Found 1 tracks out of 1
Testing playlist 220
Found 4 tracks out of 4
Testing playlist 221
Found 1 tracks out of 1
Testing playlist 222
Found 0 tracks out of 1
Testing playlist 223
Found 6 tracks out of 9
Testing playlist 224
Found 1 tracks out of 3
Testing playlist 225
Found 5 tracks out of 8
Testing playlist 226
Found 2 tracks out of 2
Testing playlist 227
Found 5 tracks out of 5
Testing playlist 228
Found 5 tracks out of 13
Testing playlist 229
Found 0 tracks out of 1
Testing playlist 230
Found 1 tracks out of 1
Testing playlist 231
Found 6 tracks out of 12
Testing playlist 232
Found 4 tracks out of 5
Testing playlist 233
Found 1 tracks out of 1
Testing playlist 234
Found 4 tracks out of 4
Testing playlist 235
Found 1 tracks out of 1
Testing playlist 236
Found 2 tracks out of 4
Testing playlist 237
Found 6 tracks out of 9
Testing playlist 238
Testing playlist 239
Found 5 tracks out of 10
Testing playlist 1909
Found 7 tracks out of 15
Testing playlist 1908
Testing playlist 240
Found 0 tracks out of 2
Testing playlist 241
Found 3 tracks out of 5
Testing playlist 242
Found 1 tracks out of 1
Testing playlist 243
Found 7 tracks out of 9
Testing playlist 244
Found 3 tracks out of 4
Testing playlist 245
Found 6 tracks out of 6
Testing playlist 246
Found 0 tracks out of 4
Testing playlist 247
Found 1 tracks out of 1
Testing playlist 248
Found 2 tracks out of 2
Testing playlist 249
Found 2 tracks out of 3
Testing playlist 1907
Found 1 tracks out of 3
Testing playlist 1906
Found 9 tracks out of 10
Testing playlist 1905
Found 4 tracks out of 7
Testing playlist 1904
Found 0 tracks out of 1
Testing playlist 1903
Found 1 tracks out of 1
Testing playlist 1902
Found 5 tracks out of 6
Testing playlist 1901
Found 2 tracks out of 8
Testing playlist 1900
Found 1 tracks out of 2
Testing playlist 1919
Found 3 tracks out of 3
Testing playlist 250
Found 1 tracks out of 3
Testing playlist 251
Testing playlist 252
Found 7 tracks out of 7
Testing playlist 253
Found 5 tracks out of 7
Testing playlist 1910
Found 3 tracks out of 3
Testing playlist 254
Found 3 tracks out of 3
Testing playlist 255
Found 0 tracks out of 1
Testing playlist 256
Found 4 tracks out of 6
Testing playlist 257
Found 1 tracks out of 1
Testing playlist 258
Found 2 tracks out of 3
Testing playlist 259
Testing playlist 1918
Found 0 tracks out of 1
Testing playlist 1917
Found 1 tracks out of 1
Testing playlist 1916
Found 4 tracks out of 8
Testing playlist 1915
Testing playlist 1914
Found 0 tracks out of 1
Testing playlist 1913
Found 2 tracks out of 4
Testing playlist 1912
Found 0 tracks out of 2
Testing playlist 1911
Found 5 tracks out of 5
Testing playlist 260
Found 5 tracks out of 5
Testing playlist 261
Found 1 tracks out of 1
Testing playlist 262
Found 12 tracks out of 13
Testing playlist 263
Found 1 tracks out of 3
Testing playlist 264
Found 2 tracks out of 8
Testing playlist 1921
Found 5 tracks out of 5
Testing playlist 265
Found 4 tracks out of 4
Testing playlist 1920
Found 1 tracks out of 1
Testing playlist 266
Found 1 tracks out of 1
Testing playlist 267
Found 2 tracks out of 2
Testing playlist 268
Found 2 tracks out of 3
Testing playlist 269
Found 0 tracks out of 2
Testing playlist 1929
Testing playlist 1928
Found 1 tracks out of 1
Testing playlist 1927
Found 1 tracks out of 1
Testing playlist 1926
Found 5 tracks out of 6
Testing playlist 1925
Found 3 tracks out of 4
Testing playlist 1924
Found 0 tracks out of 5
Testing playlist 1923
Found 13 tracks out of 15
Testing playlist 1922
Found 1 tracks out of 1
Testing playlist 270
Found 5 tracks out of 5
Testing playlist 271
Found 1 tracks out of 2
Testing playlist 272
Found 1 tracks out of 1
Testing playlist 273
Found 0 tracks out of 1
Testing playlist 274
Found 4 tracks out of 5
Testing playlist 275
Found 2 tracks out of 5
Testing playlist 1932
Found 1 tracks out of 4
Testing playlist 276
Found 1 tracks out of 1
Testing playlist 1931
Testing playlist 277
Found 4 tracks out of 4
Testing playlist 1930
Found 1 tracks out of 2
Testing playlist 278
Found 0 tracks out of 1
Testing playlist 279
Found 5 tracks out of 7
Testing playlist 1939
Found 1 tracks out of 1
Testing playlist 1938
Found 5 tracks out of 5
Testing playlist 1937
Found 2 tracks out of 2
Testing playlist 1936
Found 3 tracks out of 3
Testing playlist 1935
Found 8 tracks out of 11
Testing playlist 1934
Found 2 tracks out of 8
Testing playlist 1933
Found 0 tracks out of 1
Testing playlist 280
Found 4 tracks out of 4
Testing playlist 281
Found 3 tracks out of 3
Testing playlist 282
Found 0 tracks out of 2
Testing playlist 283
Found 2 tracks out of 4
Testing playlist 284
Found 6 tracks out of 7
Testing playlist 285
Found 7 tracks out of 9
Testing playlist 286
Testing playlist 1943
Found 3 tracks out of 3
Testing playlist 287
Found 0 tracks out of 2
Testing playlist 1942
Found 2 tracks out of 3
Testing playlist 288
Found 0 tracks out of 1
Testing playlist 1941
Found 1 tracks out of 1
Testing playlist 289
Testing playlist 1940
Testing playlist 1949
Found 6 tracks out of 7
Testing playlist 1948
Found 0 tracks out of 1
Testing playlist 1947
Found 6 tracks out of 9
Testing playlist 1946
Found 6 tracks out of 11
Testing playlist 1945
Found 7 tracks out of 10
Testing playlist 1944
Found 1 tracks out of 1
Testing playlist 290
Found 1 tracks out of 2
Testing playlist 291
Found 1 tracks out of 3
Testing playlist 292
Found 2 tracks out of 2
Testing playlist 293
Found 4 tracks out of 5
Testing playlist 294
Found 6 tracks out of 8
Testing playlist 295
Found 1 tracks out of 1
Testing playlist 296
Testing playlist 297
Found 2 tracks out of 2
Testing playlist 1954
Found 18 tracks out of 18
Testing playlist 298
Found 2 tracks out of 3
Testing playlist 1953
Found 2 tracks out of 4
Testing playlist 299
Found 2 tracks out of 2
Testing playlist 1952
Found 1 tracks out of 3
Testing playlist 1951
Testing playlist 1950
Found 1 tracks out of 1
Testing playlist 1959
Testing playlist 1958
Found 2 tracks out of 2
Testing playlist 1957
Found 7 tracks out of 10
Testing playlist 1956
Found 1 tracks out of 1
Testing playlist 1955
Found 4 tracks out of 9
Testing playlist 1965
Testing playlist 1964
Found 4 tracks out of 7
Testing playlist 1963
Found 0 tracks out of 1
Testing playlist 1962
Found 9 tracks out of 9
Testing playlist 1961
Found 2 tracks out of 2
Testing playlist 1960
Found 0 tracks out of 3
Testing playlist 1969
Found 3 tracks out of 3
Testing playlist 1968
Found 1 tracks out of 1
Testing playlist 1967
Found 2 tracks out of 2
Testing playlist 1966
Found 14 tracks out of 18
Testing playlist 1976
Found 3 tracks out of 4
Testing playlist 1975
Found 3 tracks out of 8
Testing playlist 1974
Found 5 tracks out of 8
Testing playlist 1973
Found 0 tracks out of 2
Testing playlist 1972
Found 1 tracks out of 3
Testing playlist 1971
Found 3 tracks out of 11
Testing playlist 1970
Found 1 tracks out of 1
Testing playlist 1979
Found 1 tracks out of 2
Testing playlist 1978
Found 4 tracks out of 6
Testing playlist 1977
Found 0 tracks out of 2
Testing playlist 1990
Found 2 tracks out of 2
Testing playlist 1503
Found 0 tracks out of 3
Testing playlist 1987
Found 0 tracks out of 1
Testing playlist 1502
Found 1 tracks out of 1
Testing playlist 1986
Testing playlist 1501
Found 3 tracks out of 4
Testing playlist 1985
Testing playlist 1500
Found 0 tracks out of 2
Testing playlist 1984
Found 5 tracks out of 5
Testing playlist 1983
Found 0 tracks out of 1
Testing playlist 1982
Found 1 tracks out of 1
Testing playlist 1981
Found 1 tracks out of 1
Testing playlist 1980
Found 2 tracks out of 2
Testing playlist 1509
Found 1 tracks out of 2
Testing playlist 1508
Found 0 tracks out of 1
Testing playlist 1507
Found 3 tracks out of 3
Testing playlist 1506
Found 1 tracks out of 3
Testing playlist 1505
Testing playlist 1989
Found 3 tracks out of 3
Testing playlist 1504
Found 5 tracks out of 5
Testing playlist 1988
Found 4 tracks out of 7
Testing playlist 1514
Testing playlist 1998
Found 2 tracks out of 2
Testing playlist 1513
Found 1 tracks out of 2
Testing playlist 1997
Found 1 tracks out of 3
Testing playlist 1512
Found 2 tracks out of 3
Testing playlist 1996
Found 2 tracks out of 3
Testing playlist 1511
Found 0 tracks out of 3
Testing playlist 1995
Found 6 tracks out of 9
Testing playlist 1510
Found 0 tracks out of 4
Testing playlist 1994
Found 0 tracks out of 1
Testing playlist 1993
Found 1 tracks out of 2
Testing playlist 1992
Found 18 tracks out of 21
Testing playlist 1991
Found 0 tracks out of 2
Testing playlist 1519
Found 6 tracks out of 6
Testing playlist 1518
Testing playlist 1517
Found 2 tracks out of 2
Testing playlist 1516
Found 4 tracks out of 6
Testing playlist 1515
Found 2 tracks out of 2
Testing playlist 1999
Found 1 tracks out of 1
Testing playlist 1525
Found 11 tracks out of 11
Testing playlist 1524
Found 0 tracks out of 1
Testing playlist 1523
Found 1 tracks out of 1
Testing playlist 1522
Found 4 tracks out of 7
Testing playlist 1521
Found 2 tracks out of 3
Testing playlist 1520
Found 2 tracks out of 2
Testing playlist 1529
Found 1 tracks out of 1
Testing playlist 1528
Found 4 tracks out of 5
Testing playlist 1527
Found 1 tracks out of 2
Testing playlist 1526
Found 2 tracks out of 4
Testing playlist 1536
Found 8 tracks out of 9
Testing playlist 1535
Found 0 tracks out of 1
Testing playlist 1534
Found 3 tracks out of 3
Testing playlist 1533
Testing playlist 1532
Found 1 tracks out of 4
Testing playlist 1531
Found 2 tracks out of 4
Testing playlist 1530
Found 3 tracks out of 8
Testing playlist 1539
Found 0 tracks out of 3
Testing playlist 1538
Found 3 tracks out of 4
Testing playlist 1537
Found 3 tracks out of 3
Testing playlist 1550
Found 3 tracks out of 6
Testing playlist 1547
Found 1 tracks out of 3
Testing playlist 1546
Found 6 tracks out of 7
Testing playlist 1545
Found 0 tracks out of 2
Testing playlist 1544
Found 0 tracks out of 2
Testing playlist 1543
Found 10 tracks out of 16
Testing playlist 1542
Found 0 tracks out of 1
Testing playlist 1541
Found 3 tracks out of 3
Testing playlist 1540
Found 5 tracks out of 6
Testing playlist 1549
Found 2 tracks out of 2
Testing playlist 1548
Found 2 tracks out of 4
Testing playlist 1561
Found 1 tracks out of 2
Testing playlist 1560
Found 9 tracks out of 10
Testing playlist 1558
Found 11 tracks out of 14
Testing playlist 1557
Found 0 tracks out of 1
Testing playlist 1556
Found 0 tracks out of 1
Testing playlist 1555
Found 2 tracks out of 4
Testing playlist 1554
Found 1 tracks out of 1
Testing playlist 1553
Found 1 tracks out of 1
Testing playlist 1552
Found 4 tracks out of 5
Testing playlist 1551
Found 1 tracks out of 3
Testing playlist 1559
Found 0 tracks out of 1
Testing playlist 1572
Found 4 tracks out of 7
Testing playlist 1571
Found 7 tracks out of 14
Testing playlist 1570
Found 9 tracks out of 16
Testing playlist 1569
Testing playlist 1568
Found 5 tracks out of 10
Testing playlist 1567
Testing playlist 1566
Found 3 tracks out of 6
Testing playlist 1565
Found 2 tracks out of 3
Testing playlist 1564
Found 5 tracks out of 10
Testing playlist 1563
Found 5 tracks out of 15
Testing playlist 1562
Found 1 tracks out of 1
Testing playlist 1583
Found 5 tracks out of 8
Testing playlist 1582
Found 4 tracks out of 6
Testing playlist 1581
Found 1 tracks out of 2
Testing playlist 1580
Found 1 tracks out of 2
Testing playlist 1579
Found 1 tracks out of 2
Testing playlist 1578
Found 6 tracks out of 7
Testing playlist 1577
Found 0 tracks out of 2
Testing playlist 1576
Found 1 tracks out of 1
Testing playlist 1575
Found 2 tracks out of 2
Testing playlist 1574
Found 6 tracks out of 8
Testing playlist 1573
Found 0 tracks out of 1
Testing playlist 1110
Testing playlist 1594
Found 3 tracks out of 3
Testing playlist 1593
Found 2 tracks out of 4
Testing playlist 1592
Found 3 tracks out of 5
Testing playlist 1591
Found 3 tracks out of 4
Testing playlist 1590
Found 1 tracks out of 1
Testing playlist 1107
Found 1 tracks out of 1
Testing playlist 1106
Found 0 tracks out of 2
Testing playlist 1105
Found 2 tracks out of 2
Testing playlist 1589
Testing playlist 1104
Found 8 tracks out of 8
Testing playlist 1588
Found 7 tracks out of 10
Testing playlist 1103
Found 2 tracks out of 7
Testing playlist 1587
Found 1 tracks out of 3
Testing playlist 1102
Found 2 tracks out of 3
Testing playlist 1586
Found 0 tracks out of 1
Testing playlist 1101
Found 8 tracks out of 9
Testing playlist 1585
Found 14 tracks out of 17
Testing playlist 1100
Found 1 tracks out of 3
Testing playlist 1584
Found 11 tracks out of 17
Testing playlist 1109
Found 2 tracks out of 2
Testing playlist 1108
Found 2 tracks out of 2
Testing playlist 1121
Found 1 tracks out of 1
Testing playlist 1120
Found 1 tracks out of 1
Testing playlist 1118
Testing playlist 1117
Found 10 tracks out of 13
Testing playlist 1116
Found 1 tracks out of 1
Testing playlist 1115
Found 1 tracks out of 3
Testing playlist 1599
Found 4 tracks out of 7
Testing playlist 1114
Found 2 tracks out of 2
Testing playlist 1598
Found 2 tracks out of 2
Testing playlist 1113
Testing playlist 1597
Found 1 tracks out of 1
Testing playlist 1112
Found 2 tracks out of 2
Testing playlist 1596
Found 2 tracks out of 2
Testing playlist 1111
Found 2 tracks out of 2
Testing playlist 1595
Found 2 tracks out of 3
Testing playlist 1119
Found 4 tracks out of 4
Testing playlist 1132
Found 2 tracks out of 4
Testing playlist 1131
Found 1 tracks out of 1
Testing playlist 1130
Found 4 tracks out of 6
Testing playlist 1129
Found 2 tracks out of 2
Testing playlist 1128
Found 1 tracks out of 2
Testing playlist 1127
Found 3 tracks out of 4
Testing playlist 1126
Found 3 tracks out of 8
Testing playlist 1125
Found 3 tracks out of 4
Testing playlist 1124
Testing playlist 1123
Testing playlist 700
Found 5 tracks out of 7
Testing playlist 1122
Found 3 tracks out of 9
Testing playlist 701
Found 1 tracks out of 1
Testing playlist 702
Found 2 tracks out of 2
Testing playlist 703
Found 5 tracks out of 10
Testing playlist 704
Found 18 tracks out of 20
Testing playlist 705
Found 0 tracks out of 1
Testing playlist 706
Found 1 tracks out of 1
Testing playlist 707
Found 1 tracks out of 1
Testing playlist 708
Found 4 tracks out of 4
Testing playlist 709
Found 1 tracks out of 2
Testing playlist 1143
Found 7 tracks out of 11
Testing playlist 1142
Found 4 tracks out of 4
Testing playlist 1141
Found 2 tracks out of 2
Testing playlist 1140
Found 2 tracks out of 2
Testing playlist 1139
Found 1 tracks out of 1
Testing playlist 1138
Found 11 tracks out of 13
Testing playlist 1137
Found 7 tracks out of 9
Testing playlist 1136
Found 5 tracks out of 12
Testing playlist 1135
Found 3 tracks out of 5
Testing playlist 710
Found 0 tracks out of 1
Testing playlist 1134
Found 0 tracks out of 1
Testing playlist 711
Found 1 tracks out of 1
Testing playlist 1133
Found 2 tracks out of 2
Testing playlist 712
Found 9 tracks out of 10
Testing playlist 713
Found 5 tracks out of 7
Testing playlist 714
Found 1 tracks out of 3
Testing playlist 715
Testing playlist 716
Found 2 tracks out of 3
Testing playlist 717
Found 5 tracks out of 5
Testing playlist 718
Testing playlist 719
Testing playlist 1154
Found 5 tracks out of 10
Testing playlist 1153
Found 1 tracks out of 2
Testing playlist 1152
Testing playlist 1151
Testing playlist 1150
Found 3 tracks out of 5
Testing playlist 1149
Found 1 tracks out of 1
Testing playlist 1148
Found 3 tracks out of 3
Testing playlist 1147
Testing playlist 720
Testing playlist 1146
Found 5 tracks out of 6
Testing playlist 721
Found 3 tracks out of 4
Testing playlist 1145
Found 2 tracks out of 3
Testing playlist 722
Found 4 tracks out of 5
Testing playlist 1144
Found 4 tracks out of 4
Testing playlist 723
Found 0 tracks out of 1
Testing playlist 724
Found 10 tracks out of 10
Testing playlist 725
Found 2 tracks out of 2
Testing playlist 726
Found 1 tracks out of 1
Testing playlist 727
Found 0 tracks out of 1
Testing playlist 728
Found 4 tracks out of 4
Testing playlist 729
Found 4 tracks out of 9
Testing playlist 1165
Found 4 tracks out of 6
Testing playlist 1164
Found 4 tracks out of 5
Testing playlist 1163
Found 1 tracks out of 1
Testing playlist 1162
Found 3 tracks out of 4
Testing playlist 1161
Found 4 tracks out of 4
Testing playlist 1160
Found 3 tracks out of 4
Testing playlist 1159
Found 5 tracks out of 9
Testing playlist 730
Found 7 tracks out of 9
Testing playlist 1158
Found 0 tracks out of 1
Testing playlist 731
Found 0 tracks out of 3
Testing playlist 1157
Found 0 tracks out of 1
Testing playlist 732
Found 1 tracks out of 1
Testing playlist 1156
Found 3 tracks out of 6
Testing playlist 733
Found 4 tracks out of 8
Testing playlist 1155
Found 3 tracks out of 3
Testing playlist 734
Found 9 tracks out of 10
Testing playlist 735
Found 0 tracks out of 4
Testing playlist 736
Found 1 tracks out of 2
Testing playlist 737
Found 3 tracks out of 3
Testing playlist 738
Found 1 tracks out of 1
Testing playlist 739
Found 1 tracks out of 2
Testing playlist 1176
Found 7 tracks out of 12
Testing playlist 1175
Found 1 tracks out of 1
Testing playlist 1174
Found 7 tracks out of 8
Testing playlist 1173
Testing playlist 1172
Found 4 tracks out of 5
Testing playlist 1171
Found 0 tracks out of 1
Testing playlist 1170
Found 1 tracks out of 2
Testing playlist 740
Found 9 tracks out of 15
Testing playlist 741
Found 0 tracks out of 1
Testing playlist 1169
Found 5 tracks out of 8
Testing playlist 742
Found 2 tracks out of 3
Testing playlist 1168
Found 1 tracks out of 1
Testing playlist 743
Found 9 tracks out of 17
Testing playlist 1167
Found 12 tracks out of 15
Testing playlist 744
Found 1 tracks out of 4
Testing playlist 1166
Found 2 tracks out of 9
Testing playlist 745
Found 0 tracks out of 2
Testing playlist 746
Testing playlist 747
Found 6 tracks out of 7
Testing playlist 748
Found 6 tracks out of 6
Testing playlist 749
Testing playlist 1187
Found 2 tracks out of 4
Testing playlist 1186
Found 0 tracks out of 1
Testing playlist 1185
Found 3 tracks out of 3
Testing playlist 1184
Found 0 tracks out of 1
Testing playlist 1183
Found 4 tracks out of 8
Testing playlist 1182
Found 1 tracks out of 2
Testing playlist 1181
Found 3 tracks out of 4
Testing playlist 1180
Found 5 tracks out of 6
Testing playlist 750
Found 2 tracks out of 3
Testing playlist 751
Found 8 tracks out of 13
Testing playlist 752
Found 4 tracks out of 9
Testing playlist 753
Found 0 tracks out of 1
Testing playlist 1179
Found 4 tracks out of 6
Testing playlist 754
Found 3 tracks out of 8
Testing playlist 1178
Found 2 tracks out of 4
Testing playlist 755
Found 5 tracks out of 5
Testing playlist 1177
Found 1 tracks out of 1
Testing playlist 756
Testing playlist 757
Found 1 tracks out of 1
Testing playlist 758
Found 1 tracks out of 2
Testing playlist 759
Found 2 tracks out of 2
Testing playlist 1190
Found 1 tracks out of 1
Testing playlist 1198
Found 0 tracks out of 2
Testing playlist 1197
Found 0 tracks out of 1
Testing playlist 1196
Found 1 tracks out of 1
Testing playlist 1195
Found 2 tracks out of 2
Testing playlist 1194
Found 0 tracks out of 3
Testing playlist 1193
Found 1 tracks out of 1
Testing playlist 1192
Found 0 tracks out of 1
Testing playlist 1191
Found 2 tracks out of 3
Testing playlist 760
Found 3 tracks out of 6
Testing playlist 761
Found 1 tracks out of 2
Testing playlist 762
Found 1 tracks out of 1
Testing playlist 763
Found 1 tracks out of 2
Testing playlist 764
Found 0 tracks out of 1
Testing playlist 765
Found 6 tracks out of 7
Testing playlist 1189
Found 0 tracks out of 1
Testing playlist 766
Found 7 tracks out of 8
Testing playlist 1188
Found 1 tracks out of 2
Testing playlist 767
Found 10 tracks out of 13
Testing playlist 768
Found 2 tracks out of 4
Testing playlist 769
Found 1 tracks out of 6
Testing playlist 770
Found 2 tracks out of 3
Testing playlist 771
Found 0 tracks out of 1
Testing playlist 772
Found 1 tracks out of 1
Testing playlist 773
Found 6 tracks out of 10
Testing playlist 774
Testing playlist 775
Found 1 tracks out of 2
Testing playlist 776
Found 3 tracks out of 3
Testing playlist 777
Testing playlist 1199
Found 5 tracks out of 6
Testing playlist 778
Found 1 tracks out of 1
Testing playlist 779
Found 4 tracks out of 6
Testing playlist 780
Found 0 tracks out of 1
Testing playlist 781
Found 0 tracks out of 1
Testing playlist 782
Found 12 tracks out of 22
Testing playlist 783
Found 1 tracks out of 1
Testing playlist 300
Found 1 tracks out of 1
Testing playlist 784
Found 0 tracks out of 1
Testing playlist 301
Testing playlist 785
Found 3 tracks out of 5
Testing playlist 302
Found 4 tracks out of 6
Testing playlist 786
Found 1 tracks out of 1
Testing playlist 303
Testing playlist 787
Found 1 tracks out of 1
Testing playlist 304
Found 1 tracks out of 2
Testing playlist 788
Found 2 tracks out of 3
Testing playlist 305
Found 1 tracks out of 1
Testing playlist 789
Testing playlist 306
Found 2 tracks out of 2
Testing playlist 307
Found 2 tracks out of 2
Testing playlist 308
Found 1 tracks out of 1
Testing playlist 309
Found 2 tracks out of 4
Testing playlist 790
Found 2 tracks out of 2
Testing playlist 791
Found 2 tracks out of 3
Testing playlist 792
Testing playlist 793
Found 3 tracks out of 8
Testing playlist 310
Found 2 tracks out of 2
Testing playlist 794
Found 2 tracks out of 2
Testing playlist 311
Found 2 tracks out of 2
Testing playlist 795
Found 0 tracks out of 1
Testing playlist 312
Found 1 tracks out of 1
Testing playlist 796
Found 4 tracks out of 4
Testing playlist 313
Found 1 tracks out of 1
Testing playlist 797
Found 3 tracks out of 3
Testing playlist 314
Found 2 tracks out of 3
Testing playlist 798
Found 0 tracks out of 2
Testing playlist 315
Found 2 tracks out of 2
Testing playlist 799
Found 1 tracks out of 3
Testing playlist 316
Found 1 tracks out of 3
Testing playlist 317
Found 2 tracks out of 3
Testing playlist 318
Found 0 tracks out of 1
Testing playlist 319
Found 3 tracks out of 5
Testing playlist 320
Found 1 tracks out of 2
Testing playlist 321
Found 0 tracks out of 2
Testing playlist 322
Found 1 tracks out of 1
Testing playlist 323
Found 3 tracks out of 3
Testing playlist 324
Found 6 tracks out of 6
Testing playlist 325
Found 3 tracks out of 3
Testing playlist 326
Found 7 tracks out of 10
Testing playlist 327
Found 1 tracks out of 1
Testing playlist 328
Found 10 tracks out of 10
Testing playlist 329
Found 3 tracks out of 3
Testing playlist 330
Found 5 tracks out of 9
Testing playlist 331
Found 7 tracks out of 9
Testing playlist 332
Found 2 tracks out of 3
Testing playlist 333
Found 1 tracks out of 3
Testing playlist 334
Found 10 tracks out of 11
Testing playlist 335
Found 14 tracks out of 14
Testing playlist 336
Found 1 tracks out of 1
Testing playlist 337
Found 1 tracks out of 1
Testing playlist 338
Found 8 tracks out of 9
Testing playlist 339
Found 6 tracks out of 6
Testing playlist 340
Found 2 tracks out of 2
Testing playlist 341
Found 1 tracks out of 11
Testing playlist 342
Found 10 tracks out of 15
Testing playlist 343
Found 3 tracks out of 3
Testing playlist 344
Found 3 tracks out of 3
Testing playlist 345
Testing playlist 346
Found 1 tracks out of 1
Testing playlist 347
Testing playlist 348
Found 10 tracks out of 14
Testing playlist 349
Found 1 tracks out of 1
Testing playlist 350
Found 3 tracks out of 3
Testing playlist 351
Found 4 tracks out of 5
Testing playlist 352
Testing playlist 353
Found 1 tracks out of 2
Testing playlist 354
Found 2 tracks out of 2
Testing playlist 355
Found 7 tracks out of 7
Testing playlist 356
Found 0 tracks out of 1
Testing playlist 357
Found 2 tracks out of 4
Testing playlist 358
Found 6 tracks out of 7
Testing playlist 359
Found 2 tracks out of 5
Testing playlist 10
Found 4 tracks out of 6
Testing playlist 11
Found 0 tracks out of 2
Testing playlist 12
Found 0 tracks out of 1
Testing playlist 13
Testing playlist 14
Found 8 tracks out of 9
Testing playlist 15
Found 1 tracks out of 1
Testing playlist 16
Found 2 tracks out of 3
Testing playlist 17
Found 3 tracks out of 6
Testing playlist 18
Found 3 tracks out of 4
Testing playlist 19
Found 1 tracks out of 6
Testing playlist 360
Found 8 tracks out of 12
Testing playlist 361
Found 3 tracks out of 4
Testing playlist 362
Found 7 tracks out of 18
Testing playlist 363
Found 9 tracks out of 10
Testing playlist 364
Found 3 tracks out of 4
Testing playlist 365
Found 4 tracks out of 7
Testing playlist 366
Found 1 tracks out of 1
Testing playlist 367
Found 1 tracks out of 3
Testing playlist 368
Testing playlist 369
Found 3 tracks out of 3
Testing playlist 20
Found 1 tracks out of 1
Testing playlist 21
Found 0 tracks out of 1
Testing playlist 22
Found 1 tracks out of 4
Testing playlist 23
Found 1 tracks out of 1
Testing playlist 24
Found 1 tracks out of 1
Testing playlist 25
Found 2 tracks out of 4
Testing playlist 26
Found 1 tracks out of 2
Testing playlist 27
Found 0 tracks out of 1
Testing playlist 28
Found 4 tracks out of 5
Testing playlist 29
Found 4 tracks out of 4
Testing playlist 370
Found 1 tracks out of 2
Testing playlist 371
Testing playlist 372
Testing playlist 373
Found 2 tracks out of 5
Testing playlist 374
Found 10 tracks out of 12
Testing playlist 375
Found 1 tracks out of 5
Testing playlist 376
Found 5 tracks out of 6
Testing playlist 377
Found 1 tracks out of 1
Testing playlist 378
Found 2 tracks out of 3
Testing playlist 379
Found 0 tracks out of 4
Testing playlist 30
Found 3 tracks out of 3
Testing playlist 31
Found 4 tracks out of 7
Testing playlist 32
Found 1 tracks out of 5
Testing playlist 33
Found 0 tracks out of 1
Testing playlist 34
Found 3 tracks out of 6
Testing playlist 35
Found 3 tracks out of 5
Testing playlist 36
Found 0 tracks out of 1
Testing playlist 37
Found 2 tracks out of 4
Testing playlist 38
Found 4 tracks out of 5
Testing playlist 39
Found 5 tracks out of 5
Testing playlist 380
Found 11 tracks out of 13
Testing playlist 381
Found 2 tracks out of 3
Testing playlist 382
Found 0 tracks out of 1
Testing playlist 383
Found 1 tracks out of 1
Testing playlist 384
Found 0 tracks out of 2
Testing playlist 385
Found 1 tracks out of 1
Testing playlist 386
Found 1 tracks out of 2
Testing playlist 387
Found 0 tracks out of 1
Testing playlist 388
Found 2 tracks out of 2
Testing playlist 389
Found 9 tracks out of 13
Testing playlist 40
Found 7 tracks out of 7
Testing playlist 41
Found 5 tracks out of 11
Testing playlist 42
Found 9 tracks out of 14
Testing playlist 43
Found 1 tracks out of 2
Testing playlist 44
Found 0 tracks out of 3
Testing playlist 45
Found 7 tracks out of 7
Testing playlist 46
Testing playlist 47
Found 0 tracks out of 1
Testing playlist 48
Found 2 tracks out of 2
Testing playlist 49
Found 2 tracks out of 2
Testing playlist 390
Found 0 tracks out of 1
Testing playlist 391
Found 2 tracks out of 2
Testing playlist 392
Found 3 tracks out of 5
Testing playlist 393
Found 5 tracks out of 7
Testing playlist 394
Found 0 tracks out of 2
Testing playlist 395
Found 2 tracks out of 4
Testing playlist 396
Found 9 tracks out of 13
Testing playlist 397
Found 2 tracks out of 2
Testing playlist 398
Testing playlist 399
Found 0 tracks out of 1
Testing playlist 50
Found 2 tracks out of 3
Testing playlist 51
Found 3 tracks out of 3
Testing playlist 52
Found 1 tracks out of 1
Testing playlist 53
Found 5 tracks out of 10
Testing playlist 54
Found 1 tracks out of 1
Testing playlist 55
Found 12 tracks out of 14
Testing playlist 56
Testing playlist 57
Testing playlist 58
Testing playlist 59
Found 6 tracks out of 10
Testing playlist 60
Found 4 tracks out of 5
Testing playlist 61
Found 1 tracks out of 1
Testing playlist 62
Found 3 tracks out of 3
Testing playlist 63
Found 2 tracks out of 3
Testing playlist 64
Found 8 tracks out of 9
Testing playlist 65
Found 3 tracks out of 8
Testing playlist 66
Found 1 tracks out of 5
Testing playlist 67
Found 1 tracks out of 1
Testing playlist 68
Found 7 tracks out of 11
Testing playlist 69
Found 0 tracks out of 1
Testing playlist 70
Found 1 tracks out of 3
Testing playlist 71
Found 2 tracks out of 2
Testing playlist 72
Found 7 tracks out of 12
Testing playlist 73
Found 1 tracks out of 2
Testing playlist 74
Found 1 tracks out of 1
Testing playlist 75
Found 0 tracks out of 1
Testing playlist 76
Found 2 tracks out of 3
Testing playlist 77
Found 1 tracks out of 2
Testing playlist 78
Testing playlist 79
Testing playlist 1602
Found 0 tracks out of 3
Testing playlist 1601
Found 1 tracks out of 1
Testing playlist 1600
Found 2 tracks out of 2
Testing playlist 80
Found 3 tracks out of 3
Testing playlist 81
Found 5 tracks out of 6
Testing playlist 1609
Found 0 tracks out of 2
Testing playlist 82
Testing playlist 1608
Found 12 tracks out of 14
Testing playlist 83
Found 3 tracks out of 4
Testing playlist 1607
Found 3 tracks out of 3
Testing playlist 84
Found 2 tracks out of 3
Testing playlist 1606
Testing playlist 85
Found 4 tracks out of 6
Testing playlist 1605
Found 11 tracks out of 13
Testing playlist 86
Found 1 tracks out of 2
Testing playlist 1604
Found 4 tracks out of 8
Testing playlist 87
Found 1 tracks out of 2
Testing playlist 1603
Found 3 tracks out of 4
Testing playlist 88
Found 3 tracks out of 3
Testing playlist 89
Found 4 tracks out of 5
Testing playlist 1613
Found 4 tracks out of 4
Testing playlist 1612
Found 4 tracks out of 5
Testing playlist 1611
Found 1 tracks out of 3
Testing playlist 1610
Found 4 tracks out of 8
Testing playlist 90
Found 0 tracks out of 1
Testing playlist 91
Found 3 tracks out of 5
Testing playlist 92
Found 1 tracks out of 1
Testing playlist 93
Found 6 tracks out of 8
Testing playlist 1619
Found 1 tracks out of 1
Testing playlist 94
Found 4 tracks out of 8
Testing playlist 1618
Found 4 tracks out of 10
Testing playlist 95
Found 10 tracks out of 17
Testing playlist 1617
Found 5 tracks out of 8
Testing playlist 96
Testing playlist 1616
Found 3 tracks out of 4
Testing playlist 97
Found 1 tracks out of 7
Testing playlist 1615
Found 4 tracks out of 5
Testing playlist 98
Found 2 tracks out of 2
Testing playlist 1614
Found 3 tracks out of 3
Testing playlist 99
Testing playlist 1624
Found 1 tracks out of 1
Testing playlist 1623
Found 3 tracks out of 6
Testing playlist 1622
Found 4 tracks out of 4
Testing playlist 1621
Found 2 tracks out of 3
Testing playlist 1620
Found 3 tracks out of 3
Testing playlist 1629
Found 1 tracks out of 2
Testing playlist 1628
Found 2 tracks out of 8
Testing playlist 1627
Found 6 tracks out of 18
Testing playlist 1626
Found 7 tracks out of 10
Testing playlist 1625
Found 4 tracks out of 5
Testing playlist 1635
Found 7 tracks out of 9
Testing playlist 1634
Found 8 tracks out of 9
Testing playlist 1633
Found 0 tracks out of 3
Testing playlist 1632
Found 3 tracks out of 4
Testing playlist 1631
Found 1 tracks out of 1
Testing playlist 1630
Found 0 tracks out of 1
Testing playlist 1639
Found 2 tracks out of 2
Testing playlist 1638
Found 1 tracks out of 2
Testing playlist 1637
Found 2 tracks out of 3
Testing playlist 1636
Found 3 tracks out of 3
Testing playlist 1646
Found 0 tracks out of 1
Testing playlist 1645
Found 3 tracks out of 4
Testing playlist 1644
Found 2 tracks out of 5
Testing playlist 1643
Testing playlist 1642
Found 1 tracks out of 13
Testing playlist 1641
Found 1 tracks out of 4
Testing playlist 1640
Testing playlist 1649
Found 8 tracks out of 8
Testing playlist 1648
Found 2 tracks out of 4
Testing playlist 1647
Found 4 tracks out of 13
Testing playlist 1660
Found 0 tracks out of 4
Testing playlist 1657
Found 0 tracks out of 1
Testing playlist 1656
Found 0 tracks out of 3
Testing playlist 1655
Found 0 tracks out of 2
Testing playlist 1654
Found 3 tracks out of 5
Testing playlist 1653
Found 1 tracks out of 1
Testing playlist 1652
Found 1 tracks out of 2
Testing playlist 1651
Found 4 tracks out of 4
Testing playlist 1650
Found 2 tracks out of 6
Testing playlist 1659
Found 1 tracks out of 1
Testing playlist 1658
Found 6 tracks out of 6
Testing playlist 1671
Testing playlist 1670
Found 4 tracks out of 6
Testing playlist 1668
Found 15 tracks out of 20
Testing playlist 1667
Found 0 tracks out of 2
Testing playlist 1666
Found 4 tracks out of 8
Testing playlist 1665
Found 1 tracks out of 4
Testing playlist 1664
Found 8 tracks out of 8
Testing playlist 1663
Found 3 tracks out of 5
Testing playlist 1662
Found 1 tracks out of 2
Testing playlist 1661
Testing playlist 1669
Found 3 tracks out of 7
Testing playlist 1682
Found 2 tracks out of 2
Testing playlist 1681
Found 2 tracks out of 2
Testing playlist 1680
Found 1 tracks out of 3
Testing playlist 1679
Found 1 tracks out of 3
Testing playlist 1678
Found 2 tracks out of 3
Testing playlist 1677
Found 0 tracks out of 1
Testing playlist 1676
Found 4 tracks out of 4
Testing playlist 1675
Found 1 tracks out of 1
Testing playlist 1674
Found 1 tracks out of 2
Testing playlist 1673
Found 0 tracks out of 1
Testing playlist 1672
Found 1 tracks out of 3
Testing playlist 1693
Found 4 tracks out of 9
Testing playlist 1692
Found 1 tracks out of 2
Testing playlist 1691
Found 5 tracks out of 10
Testing playlist 1690
Found 3 tracks out of 3
Testing playlist 1206
Found 1 tracks out of 6
Testing playlist 1205
Found 9 tracks out of 15
Testing playlist 1689
Found 1 tracks out of 2
Testing playlist 1204
Found 2 tracks out of 2
Testing playlist 1688
Found 1 tracks out of 2
Testing playlist 1203
Found 2 tracks out of 2
Testing playlist 1687
Found 4 tracks out of 6
Testing playlist 1202
Found 1 tracks out of 2
Testing playlist 1686
Found 0 tracks out of 1
Testing playlist 1201
Found 4 tracks out of 4
Testing playlist 1685
Found 0 tracks out of 1
Testing playlist 1200
Found 0 tracks out of 1
Testing playlist 1684
Found 4 tracks out of 6
Testing playlist 1683
Found 0 tracks out of 1
Testing playlist 1209
Found 1 tracks out of 3
Testing playlist 1208
Found 0 tracks out of 1
Testing playlist 1207
Found 0 tracks out of 1
Testing playlist 1220
Found 6 tracks out of 6
Testing playlist 1217
Found 5 tracks out of 5
Testing playlist 1216
Found 0 tracks out of 2
Testing playlist 1215
Found 2 tracks out of 2
Testing playlist 1699
Found 1 tracks out of 1
Testing playlist 1214
Found 5 tracks out of 7
Testing playlist 1698
Found 0 tracks out of 1
Testing playlist 1213
Found 2 tracks out of 2
Testing playlist 1697
Found 0 tracks out of 1
Testing playlist 1212
Found 1 tracks out of 1
Testing playlist 1696
Found 0 tracks out of 3
Testing playlist 1211
Found 0 tracks out of 1
Testing playlist 1695
Found 4 tracks out of 4
Testing playlist 1210
Found 1 tracks out of 5
Testing playlist 1694
Found 2 tracks out of 3
Testing playlist 1219
Found 6 tracks out of 7
Testing playlist 1218
Found 6 tracks out of 6
Testing playlist 1231
Found 0 tracks out of 1
Testing playlist 1230
Testing playlist 1228
Found 5 tracks out of 10
Testing playlist 1227
Found 8 tracks out of 11
Testing playlist 1226
Found 1 tracks out of 2
Testing playlist 1225
Found 0 tracks out of 2
Testing playlist 1224
Found 0 tracks out of 1
Testing playlist 1223
Found 0 tracks out of 2
Testing playlist 1222
Found 2 tracks out of 2
Testing playlist 1221
Found 2 tracks out of 2
Testing playlist 800
Testing playlist 801
Found 1 tracks out of 1
Testing playlist 802
Found 0 tracks out of 1
Testing playlist 803
Found 17 tracks out of 19
Testing playlist 804
Found 6 tracks out of 8
Testing playlist 805
Found 0 tracks out of 1
Testing playlist 806
Found 3 tracks out of 12
Testing playlist 807
Found 6 tracks out of 7
Testing playlist 1229
Found 3 tracks out of 4
Testing playlist 808
Found 6 tracks out of 10
Testing playlist 809
Found 1 tracks out of 1
Testing playlist 1242
Found 4 tracks out of 4
Testing playlist 1241
Found 2 tracks out of 3
Testing playlist 1240
Found 3 tracks out of 3
Testing playlist 1239
Found 2 tracks out of 2
Testing playlist 1238
Found 2 tracks out of 2
Testing playlist 1237
Found 8 tracks out of 8
Testing playlist 1236
Testing playlist 1235
Found 2 tracks out of 2
Testing playlist 1234
Found 2 tracks out of 4
Testing playlist 1233
Found 5 tracks out of 6
Testing playlist 810
Found 0 tracks out of 1
Testing playlist 1232
Found 5 tracks out of 7
Testing playlist 811
Found 4 tracks out of 4
Testing playlist 812
Found 7 tracks out of 10
Testing playlist 813
Found 3 tracks out of 3
Testing playlist 814
Found 0 tracks out of 2
Testing playlist 815
Found 6 tracks out of 12
Testing playlist 816
Found 2 tracks out of 6
Testing playlist 817
Found 2 tracks out of 4
Testing playlist 818
Testing playlist 819
Found 2 tracks out of 2
Testing playlist 1253
Found 1 tracks out of 3
Testing playlist 1252
Testing playlist 1251
Found 3 tracks out of 4
Testing playlist 1250
Found 1 tracks out of 3
Testing playlist 1249
Found 1 tracks out of 2
Testing playlist 1248
Found 1 tracks out of 3
Testing playlist 1247
Found 10 tracks out of 12
Testing playlist 1246
Found 2 tracks out of 2
Testing playlist 1245
Testing playlist 820
Testing playlist 1244
Found 1 tracks out of 1
Testing playlist 821
Found 1 tracks out of 1
Testing playlist 1243
Found 10 tracks out of 11
Testing playlist 822
Found 6 tracks out of 15
Testing playlist 823
Found 8 tracks out of 8
Testing playlist 824
Testing playlist 825
Found 5 tracks out of 6
Testing playlist 826
Testing playlist 827
Found 0 tracks out of 2
Testing playlist 828
Found 1 tracks out of 1
Testing playlist 829
Found 0 tracks out of 1
Testing playlist 1264
Testing playlist 1263
Found 0 tracks out of 3
Testing playlist 1262
Found 1 tracks out of 1
Testing playlist 1261
Found 5 tracks out of 5
Testing playlist 1260
Found 0 tracks out of 1
Testing playlist 1259
Found 1 tracks out of 1
Testing playlist 1258
Found 1 tracks out of 1
Testing playlist 1257
Found 4 tracks out of 6
Testing playlist 830
Found 1 tracks out of 1
Testing playlist 1256
Found 1 tracks out of 1
Testing playlist 831
Found 6 tracks out of 6
Testing playlist 1255
Found 10 tracks out of 15
Testing playlist 832
Found 0 tracks out of 1
Testing playlist 1254
Found 1 tracks out of 1
Testing playlist 833
Found 4 tracks out of 6
Testing playlist 834
Found 1 tracks out of 1
Testing playlist 835
Found 11 tracks out of 17
Testing playlist 836
Found 1 tracks out of 1
Testing playlist 837
Found 1 tracks out of 1
Testing playlist 838
Found 1 tracks out of 1
Testing playlist 839
Found 6 tracks out of 6
Testing playlist 1275
Found 1 tracks out of 2
Testing playlist 1274
Testing playlist 1273
Found 7 tracks out of 9
Testing playlist 1272
Found 1 tracks out of 1
Testing playlist 1271
Found 9 tracks out of 11
Testing playlist 1270
Found 3 tracks out of 4
Testing playlist 1269
Found 1 tracks out of 2
Testing playlist 840
Found 7 tracks out of 9
Testing playlist 1268
Testing playlist 841
Testing playlist 1267
Found 1 tracks out of 1
Testing playlist 842
Found 10 tracks out of 10
Testing playlist 1266
Found 1 tracks out of 2
Testing playlist 843
Found 7 tracks out of 14
Testing playlist 1265
Found 5 tracks out of 9
Testing playlist 844
Found 4 tracks out of 11
Testing playlist 845
Found 1 tracks out of 1
Testing playlist 846
Found 1 tracks out of 2
Testing playlist 847
Found 7 tracks out of 14
Testing playlist 848
Found 3 tracks out of 4
Testing playlist 849
Found 3 tracks out of 10
Testing playlist 1286
Found 2 tracks out of 2
Testing playlist 1285
Testing playlist 1284
Found 0 tracks out of 2
Testing playlist 1283
Found 2 tracks out of 3
Testing playlist 1282
Found 2 tracks out of 3
Testing playlist 1281
Found 1 tracks out of 3
Testing playlist 1280
Found 4 tracks out of 4
Testing playlist 850
Found 4 tracks out of 5
Testing playlist 851
Testing playlist 1279
Found 1 tracks out of 1
Testing playlist 852
Found 2 tracks out of 4
Testing playlist 1278
Found 4 tracks out of 4
Testing playlist 853
Found 3 tracks out of 3
Testing playlist 1277
Found 1 tracks out of 7
Testing playlist 854
Found 9 tracks out of 16
Testing playlist 1276
Found 6 tracks out of 16
Testing playlist 855
Found 2 tracks out of 2
Testing playlist 856
Found 1 tracks out of 1
Testing playlist 857
Found 3 tracks out of 6
Testing playlist 858
Found 6 tracks out of 9
Testing playlist 859
Found 5 tracks out of 11
Testing playlist 1297
Found 1 tracks out of 1
Testing playlist 1296
Found 2 tracks out of 5
Testing playlist 1295
Found 3 tracks out of 9
Testing playlist 1294
Found 11 tracks out of 11
Testing playlist 1293
Found 4 tracks out of 4
Testing playlist 1292
Found 2 tracks out of 6
Testing playlist 1291
Found 2 tracks out of 2
Testing playlist 1290
Testing playlist 860
Found 0 tracks out of 1
Testing playlist 861
Found 3 tracks out of 3
Testing playlist 862
Found 0 tracks out of 1
Testing playlist 863
Found 0 tracks out of 2
Testing playlist 1289
Found 10 tracks out of 19
Testing playlist 864
Found 4 tracks out of 4
Testing playlist 1288
Found 1 tracks out of 6
Testing playlist 865
Found 1 tracks out of 2
Testing playlist 1287
Found 1 tracks out of 1
Testing playlist 866
Found 2 tracks out of 2
Testing playlist 867
Found 3 tracks out of 5
Testing playlist 868
Found 0 tracks out of 2
Testing playlist 869
Found 2 tracks out of 3
Testing playlist 870
Found 1 tracks out of 3
Testing playlist 871
Testing playlist 872
Found 2 tracks out of 2
Testing playlist 873
Found 2 tracks out of 3
Testing playlist 874
Found 6 tracks out of 8
Testing playlist 875
Found 2 tracks out of 2
Testing playlist 1299
Found 7 tracks out of 7
Testing playlist 876
Found 1 tracks out of 3
Testing playlist 1298
Found 2 tracks out of 3
Testing playlist 877
Found 1 tracks out of 2
Testing playlist 878
Testing playlist 879
Found 19 tracks out of 22
Testing playlist 880
Found 1 tracks out of 2
Testing playlist 881
Found 2 tracks out of 3
Testing playlist 882
Found 0 tracks out of 1
Testing playlist 883
Found 3 tracks out of 7
Testing playlist 400
Testing playlist 884
Found 2 tracks out of 4
Testing playlist 401
Found 9 tracks out of 15
Testing playlist 885
Found 1 tracks out of 3
Testing playlist 402
Found 0 tracks out of 2
Testing playlist 886
Found 12 tracks out of 15
Testing playlist 403
Found 14 tracks out of 18
Testing playlist 887
Found 3 tracks out of 5
Testing playlist 404
Found 5 tracks out of 6
Testing playlist 888
Found 0 tracks out of 1
Testing playlist 405
Found 10 tracks out of 18
Testing playlist 889
Found 1 tracks out of 1
Testing playlist 406
Found 12 tracks out of 18
Testing playlist 407
Testing playlist 408
Testing playlist 409
Found 0 tracks out of 1
Testing playlist 890
Found 0 tracks out of 1
Testing playlist 891
Found 0 tracks out of 1
Testing playlist 892
Found 1 tracks out of 1
Testing playlist 893
Found 12 tracks out of 13
Testing playlist 410
Found 0 tracks out of 1
Testing playlist 894
Found 2 tracks out of 2
Testing playlist 411
Found 10 tracks out of 16
Testing playlist 895
Found 6 tracks out of 10
Testing playlist 412
Found 15 tracks out of 15
Testing playlist 896
Found 12 tracks out of 15
Testing playlist 413
Found 1 tracks out of 2
Testing playlist 897
Found 1 tracks out of 2
Testing playlist 414
Found 1 tracks out of 1
Testing playlist 898
Found 0 tracks out of 3
Testing playlist 415
Testing playlist 899
Found 1 tracks out of 3
Testing playlist 416
Found 0 tracks out of 3
Testing playlist 417
Testing playlist 418
Testing playlist 419
Found 2 tracks out of 7
Testing playlist 420
Testing playlist 421
Found 1 tracks out of 1
Testing playlist 422
Found 5 tracks out of 5
Testing playlist 423
Found 1 tracks out of 1
Testing playlist 424
Found 6 tracks out of 6
Testing playlist 425
Testing playlist 426
Found 9 tracks out of 9
Testing playlist 427
Found 5 tracks out of 9
Testing playlist 428
Found 8 tracks out of 10
Testing playlist 429
Found 1 tracks out of 2
Testing playlist 430
Found 1 tracks out of 1
Testing playlist 431
Found 8 tracks out of 9
Testing playlist 432
Found 1 tracks out of 4
Testing playlist 433
Found 1 tracks out of 2
Testing playlist 434
Found 3 tracks out of 9
Testing playlist 435
Found 2 tracks out of 3
Testing playlist 436
Found 9 tracks out of 10
Testing playlist 437
Found 6 tracks out of 15
Testing playlist 438
Found 1 tracks out of 5
Testing playlist 439
Found 12 tracks out of 15
Testing playlist 440
Found 0 tracks out of 1
Testing playlist 441
Found 4 tracks out of 12
Testing playlist 442
Found 8 tracks out of 17
Testing playlist 443
Found 0 tracks out of 1
Testing playlist 444
Found 1 tracks out of 1
Testing playlist 445
Found 1 tracks out of 1
Testing playlist 446
Found 3 tracks out of 3
Testing playlist 447
Found 2 tracks out of 2
Testing playlist 448
Found 0 tracks out of 1
Testing playlist 449
Testing playlist 450
Found 5 tracks out of 6
Testing playlist 451
Testing playlist 452
Found 5 tracks out of 6
Testing playlist 453
Found 3 tracks out of 13
Testing playlist 454
Found 13 tracks out of 14
Testing playlist 455
Found 0 tracks out of 2
Testing playlist 456
Found 16 tracks out of 18
Testing playlist 457
Found 3 tracks out of 4
Testing playlist 458
Found 2 tracks out of 5
Testing playlist 459
Found 3 tracks out of 9
Testing playlist 460
Found 4 tracks out of 8
Testing playlist 461
Found 0 tracks out of 1
Testing playlist 462
Found 3 tracks out of 5
Testing playlist 463
Found 1 tracks out of 1
Testing playlist 464
Found 1 tracks out of 1
Testing playlist 465
Found 1 tracks out of 2
Testing playlist 466
Testing playlist 467
Found 1 tracks out of 1
Testing playlist 468
Found 4 tracks out of 5
Testing playlist 469
Found 2 tracks out of 3
Testing playlist 470
Found 6 tracks out of 7
Testing playlist 471
Found 7 tracks out of 13
Testing playlist 472
Found 4 tracks out of 8
Testing playlist 473
Found 1 tracks out of 3
Testing playlist 474
Testing playlist 475
Found 3 tracks out of 12
Testing playlist 476
Found 2 tracks out of 6
Testing playlist 477
Found 1 tracks out of 1
Testing playlist 478
Found 2 tracks out of 5
Testing playlist 479
Found 3 tracks out of 4
Testing playlist 480
Found 8 tracks out of 8
Testing playlist 481
Testing playlist 482
Testing playlist 483
Found 4 tracks out of 16
Testing playlist 484
Found 2 tracks out of 2
Testing playlist 485
Found 4 tracks out of 5
Testing playlist 486
Found 1 tracks out of 1
Testing playlist 487
Found 3 tracks out of 3
Testing playlist 488
Found 2 tracks out of 2
Testing playlist 489
Found 5 tracks out of 5
Testing playlist 490
Found 1 tracks out of 1
Testing playlist 491
Found 1 tracks out of 10
Testing playlist 492
Found 3 tracks out of 3
Testing playlist 493
Found 2 tracks out of 3
Testing playlist 494
Found 0 tracks out of 1
Testing playlist 495
Found 1 tracks out of 1
Testing playlist 496
Found 1 tracks out of 2
Testing playlist 497
Testing playlist 498
Found 2 tracks out of 5
Testing playlist 499
Found 4 tracks out of 8
Testing playlist 1701
Found 3 tracks out of 5
Testing playlist 1700
Testing playlist 1709
Found 2 tracks out of 2
Testing playlist 1708
Testing playlist 1707
Found 1 tracks out of 1
Testing playlist 1706
Found 0 tracks out of 2
Testing playlist 1705
Found 1 tracks out of 1
Testing playlist 1704
Found 1 tracks out of 1
Testing playlist 1703
Found 2 tracks out of 7
Testing playlist 1702
Found 4 tracks out of 5
Testing playlist 1712
Found 3 tracks out of 3
Testing playlist 1711
Testing playlist 1710
Found 0 tracks out of 1
Testing playlist 1719
Found 7 tracks out of 7
Testing playlist 1718
Found 1 tracks out of 1
Testing playlist 1717
Found 0 tracks out of 1
Testing playlist 1716
Found 0 tracks out of 1
Testing playlist 1715
Found 3 tracks out of 6
Testing playlist 1714
Testing playlist 1713
Found 10 tracks out of 15
Testing playlist 1723
Found 3 tracks out of 5
Testing playlist 1722
Found 1 tracks out of 1
Testing playlist 1721
Testing playlist 1720
Found 1 tracks out of 1
Testing playlist 1729
Found 1 tracks out of 1
Testing playlist 1728
Found 7 tracks out of 8
Testing playlist 1727
Found 2 tracks out of 2
Testing playlist 1726
Found 4 tracks out of 5
Testing playlist 1725
Found 1 tracks out of 4
Testing playlist 1724
Found 3 tracks out of 3
Testing playlist 1734
Found 11 tracks out of 13
Testing playlist 1733
Found 1 tracks out of 1
Testing playlist 1732
Found 0 tracks out of 1
Testing playlist 1731
Found 4 tracks out of 4
Testing playlist 1730
Found 3 tracks out of 7
Testing playlist 1739
Found 5 tracks out of 8
Testing playlist 1738
Found 1 tracks out of 1
Testing playlist 1737
Found 0 tracks out of 3
Testing playlist 1736
Found 4 tracks out of 4
Testing playlist 1735
Found 2 tracks out of 2
Testing playlist 1745
Found 7 tracks out of 11
Testing playlist 1744
Found 3 tracks out of 4
Testing playlist 1743
Found 0 tracks out of 1
Testing playlist 1742
Found 1 tracks out of 4
Testing playlist 1741
Found 2 tracks out of 8
Testing playlist 1740
Found 5 tracks out of 6
Testing playlist 1749
Found 3 tracks out of 4
Testing playlist 1748
Found 1 tracks out of 5
Testing playlist 1747
Found 0 tracks out of 1
Testing playlist 1746
Found 2 tracks out of 2
Testing playlist 1756
Found 8 tracks out of 11
Testing playlist 1755
Testing playlist 1754
Found 1 tracks out of 1
Testing playlist 1753
Testing playlist 1752
Found 2 tracks out of 3
Testing playlist 1751
Found 5 tracks out of 8
Testing playlist 1750
Testing playlist 1759
Found 3 tracks out of 5
Testing playlist 1758
Testing playlist 1757
Testing playlist 1770
Found 0 tracks out of 1
Testing playlist 1767
Found 5 tracks out of 16
Testing playlist 1766
Found 9 tracks out of 9
Testing playlist 1765
Found 1 tracks out of 2
Testing playlist 1764
Found 1 tracks out of 4
Testing playlist 1763
Testing playlist 1762
Found 3 tracks out of 6
Testing playlist 1761
Found 3 tracks out of 9
Testing playlist 1760
Found 1 tracks out of 1
Testing playlist 1769
Testing playlist 1768
Found 0 tracks out of 1
Testing playlist 1781
Found 4 tracks out of 6
Testing playlist 1780
Found 9 tracks out of 12
Testing playlist 1778
Found 17 tracks out of 21
Testing playlist 1777
Found 3 tracks out of 3
Testing playlist 1776
Found 1 tracks out of 1
Testing playlist 1775
Found 10 tracks out of 18
Testing playlist 1774
Found 0 tracks out of 1
Testing playlist 1773
Found 5 tracks out of 8
Testing playlist 1772
Found 5 tracks out of 6
Testing playlist 1771
Found 3 tracks out of 6
Testing playlist 1779
Found 7 tracks out of 7
Testing playlist 1792
Found 1 tracks out of 5
Testing playlist 1791
Found 1 tracks out of 1
Testing playlist 1790
Found 0 tracks out of 1
Testing playlist 1305
Found 2 tracks out of 4
Testing playlist 1789
Found 2 tracks out of 2
Testing playlist 1304
Found 1 tracks out of 3
Testing playlist 1788
Found 13 tracks out of 18
Testing playlist 1303
Found 7 tracks out of 7
Testing playlist 1787
Found 3 tracks out of 5
Testing playlist 1302
Found 2 tracks out of 2
Testing playlist 1786
Found 5 tracks out of 5
Testing playlist 1301
Found 10 tracks out of 12
Testing playlist 1785
Testing playlist 1300
Found 8 tracks out of 12
Testing playlist 1784
Testing playlist 1783
Found 9 tracks out of 13
Testing playlist 1782
Testing playlist 1309
Found 6 tracks out of 9
Testing playlist 1308
Found 2 tracks out of 3
Testing playlist 1307
Testing playlist 1306
Found 1 tracks out of 2
Testing playlist 1316
Found 4 tracks out of 5
Testing playlist 1315
Found 1 tracks out of 1
Testing playlist 1799
Found 0 tracks out of 2
Testing playlist 1314
Found 4 tracks out of 11
Testing playlist 1798
Found 9 tracks out of 11
Testing playlist 1313
Found 3 tracks out of 4
Testing playlist 1797
Found 1 tracks out of 1
Testing playlist 1312
Found 3 tracks out of 3
Testing playlist 1796
Found 1 tracks out of 2
Testing playlist 1311
Found 3 tracks out of 3
Testing playlist 1795
Found 1 tracks out of 1
Testing playlist 1310
Found 2 tracks out of 4
Testing playlist 1794
Found 3 tracks out of 5
Testing playlist 1793
Found 5 tracks out of 5
Testing playlist 1319
Testing playlist 1318
Found 5 tracks out of 6
Testing playlist 1317
Found 2 tracks out of 2
Testing playlist 1330
Found 1 tracks out of 1
Testing playlist 1327
Found 3 tracks out of 6
Testing playlist 1326
Found 6 tracks out of 6
Testing playlist 1325
Found 3 tracks out of 4
Testing playlist 1324
Found 0 tracks out of 4
Testing playlist 1323
Found 9 tracks out of 9
Testing playlist 1322
Found 0 tracks out of 1
Testing playlist 1321
Testing playlist 1320
Found 1 tracks out of 1
Testing playlist 900
Testing playlist 901
Found 1 tracks out of 1
Testing playlist 902
Found 0 tracks out of 4
Testing playlist 903
Found 3 tracks out of 5
Testing playlist 904
Found 1 tracks out of 2
Testing playlist 905
Testing playlist 1329
Testing playlist 906
Testing playlist 1328
Found 18 tracks out of 20
Testing playlist 907
Found 8 tracks out of 10
Testing playlist 908
Found 3 tracks out of 5
Testing playlist 909
Found 1 tracks out of 1
Testing playlist 1341
Found 4 tracks out of 6
Testing playlist 1340
Found 9 tracks out of 16
Testing playlist 1338
Found 0 tracks out of 1
Testing playlist 1337
Found 0 tracks out of 1
Testing playlist 1336
Testing playlist 1335
Found 2 tracks out of 9
Testing playlist 1334
Found 3 tracks out of 7
Testing playlist 1333
Found 4 tracks out of 5
Testing playlist 1332
Found 0 tracks out of 1
Testing playlist 1331
Found 2 tracks out of 8
Testing playlist 910
Found 3 tracks out of 8
Testing playlist 911
Found 3 tracks out of 4
Testing playlist 912
Found 1 tracks out of 5
Testing playlist 913
Found 12 tracks out of 13
Testing playlist 914
Found 0 tracks out of 2
Testing playlist 915
Testing playlist 916
Found 5 tracks out of 7
Testing playlist 917
Found 1 tracks out of 4
Testing playlist 1339
Found 8 tracks out of 9
Testing playlist 918
Found 1 tracks out of 1
Testing playlist 919
Found 1 tracks out of 3
Testing playlist 1352
Found 1 tracks out of 2
Testing playlist 1351
Found 0 tracks out of 4
Testing playlist 1350
Found 0 tracks out of 1
Testing playlist 1349
Found 2 tracks out of 5
Testing playlist 1348
Testing playlist 1347
Found 3 tracks out of 8
Testing playlist 1346
Found 1 tracks out of 3
Testing playlist 1345
Found 2 tracks out of 8
Testing playlist 1344
Testing playlist 1343
Found 10 tracks out of 13
Testing playlist 920
Found 7 tracks out of 12
Testing playlist 1342
Found 2 tracks out of 2
Testing playlist 921
Found 5 tracks out of 6
Testing playlist 922
Found 1 tracks out of 1
Testing playlist 923
Found 2 tracks out of 3
Testing playlist 924
Found 5 tracks out of 6
Testing playlist 925
Found 5 tracks out of 7
Testing playlist 926
Found 3 tracks out of 4
Testing playlist 927
Found 3 tracks out of 3
Testing playlist 928
Found 1 tracks out of 1
Testing playlist 929
Found 1 tracks out of 1
Testing playlist 1363
Found 2 tracks out of 2
Testing playlist 1362
Found 1 tracks out of 2
Testing playlist 1361
Found 2 tracks out of 4
Testing playlist 1360
Found 5 tracks out of 5
Testing playlist 1359
Found 1 tracks out of 2
Testing playlist 1358
Found 1 tracks out of 2
Testing playlist 1357
Testing playlist 1356
Found 0 tracks out of 1
Testing playlist 1355
Found 6 tracks out of 11
Testing playlist 930
Found 2 tracks out of 5
Testing playlist 1354
Found 0 tracks out of 1
Testing playlist 931
Found 2 tracks out of 4
Testing playlist 1353
Found 3 tracks out of 3
Testing playlist 932
Found 3 tracks out of 3
Testing playlist 933
Found 0 tracks out of 4
Testing playlist 934
Found 1 tracks out of 2
Testing playlist 935
Found 2 tracks out of 4
Testing playlist 936
Found 3 tracks out of 3
Testing playlist 937
Found 2 tracks out of 2
Testing playlist 938
Found 0 tracks out of 3
Testing playlist 939
Found 1 tracks out of 1
Testing playlist 1374
Found 1 tracks out of 1
Testing playlist 1373
Testing playlist 1372
Testing playlist 1371
Found 5 tracks out of 12
Testing playlist 1370
Found 0 tracks out of 1
Testing playlist 1369
Found 1 tracks out of 2
Testing playlist 1368
Found 0 tracks out of 3
Testing playlist 1367
Found 9 tracks out of 9
Testing playlist 940
Found 4 tracks out of 4
Testing playlist 1366
Found 3 tracks out of 4
Testing playlist 941
Found 9 tracks out of 11
Testing playlist 1365
Found 3 tracks out of 3
Testing playlist 942
Found 7 tracks out of 7
Testing playlist 1364
Found 3 tracks out of 3
Testing playlist 943
Found 1 tracks out of 6
Testing playlist 944
Found 3 tracks out of 3
Testing playlist 945
Testing playlist 946
Found 2 tracks out of 7
Testing playlist 947
Testing playlist 948
Found 2 tracks out of 2
Testing playlist 949
Found 3 tracks out of 7
Testing playlist 1385
Found 3 tracks out of 3
Testing playlist 1384
Found 8 tracks out of 12
Testing playlist 1383
Found 4 tracks out of 8
Testing playlist 1382
Testing playlist 1381
Found 8 tracks out of 15
Testing playlist 1380
Found 3 tracks out of 4
Testing playlist 1379
Found 1 tracks out of 3
Testing playlist 950
Found 3 tracks out of 5
Testing playlist 1378
Testing playlist 951
Testing playlist 1377
Testing playlist 952
Testing playlist 1376
Found 0 tracks out of 2
Testing playlist 953
Found 3 tracks out of 4
Testing playlist 1375
Found 8 tracks out of 13
Testing playlist 954
Found 2 tracks out of 2
Testing playlist 955
Found 8 tracks out of 17
Testing playlist 956
Found 1 tracks out of 2
Testing playlist 957
Found 3 tracks out of 3
Testing playlist 958
Found 1 tracks out of 1
Testing playlist 959
Found 2 tracks out of 2
Testing playlist 1396
Found 2 tracks out of 2
Testing playlist 1395
Found 1 tracks out of 1
Testing playlist 1394
Testing playlist 1393
Testing playlist 1392
Found 0 tracks out of 2
Testing playlist 1391
Found 8 tracks out of 14
Testing playlist 1390
Found 5 tracks out of 6
Testing playlist 960
Testing playlist 961
Testing playlist 1389
Found 2 tracks out of 2
Testing playlist 962
Found 7 tracks out of 8
Testing playlist 1388
Found 8 tracks out of 10
Testing playlist 963
Testing playlist 1387
Found 0 tracks out of 1
Testing playlist 964
Found 5 tracks out of 10
Testing playlist 1386
Found 0 tracks out of 1
Testing playlist 965
Found 8 tracks out of 8
Testing playlist 966
Found 0 tracks out of 1
Testing playlist 967
Found 1 tracks out of 1
Testing playlist 968
Found 10 tracks out of 15
Testing playlist 969
Found 0 tracks out of 1
Testing playlist 970
Found 4 tracks out of 7
Testing playlist 971
Found 4 tracks out of 4
Testing playlist 972
Found 4 tracks out of 8
Testing playlist 973
Found 0 tracks out of 1
Testing playlist 1399
Testing playlist 974
Found 10 tracks out of 12
Testing playlist 1398
Testing playlist 975
Found 1 tracks out of 2
Testing playlist 1397
Found 2 tracks out of 3
Testing playlist 976
Found 1 tracks out of 1
Testing playlist 977
Found 8 tracks out of 12
Testing playlist 978
Found 5 tracks out of 7
Testing playlist 979
Found 16 tracks out of 20
Testing playlist 980
Found 15 tracks out of 19
Testing playlist 981
Found 2 tracks out of 3
Testing playlist 982
Found 2 tracks out of 3
Testing playlist 983
Found 1 tracks out of 2
Testing playlist 500
Found 2 tracks out of 2
Testing playlist 984
Found 10 tracks out of 15
Testing playlist 501
Found 2 tracks out of 2
Testing playlist 985
Found 5 tracks out of 7
Testing playlist 502
Found 0 tracks out of 2
Testing playlist 986
Found 4 tracks out of 6
Testing playlist 503
Found 1 tracks out of 1
Testing playlist 987
Found 6 tracks out of 12
Testing playlist 504
Found 8 tracks out of 13
Testing playlist 988
Testing playlist 505
Found 1 tracks out of 3
Testing playlist 989
Found 2 tracks out of 3
Testing playlist 506
Found 5 tracks out of 5
Testing playlist 507
Found 3 tracks out of 3
Testing playlist 508
Found 2 tracks out of 2
Testing playlist 509
Found 5 tracks out of 7
Testing playlist 990
Found 4 tracks out of 7
Testing playlist 991
Found 0 tracks out of 1
Testing playlist 992
Found 8 tracks out of 11
Testing playlist 993
Found 2 tracks out of 3
Testing playlist 510
Found 2 tracks out of 3
Testing playlist 994
Found 1 tracks out of 3
Testing playlist 511
Found 1 tracks out of 2
Testing playlist 995
Found 3 tracks out of 4
Testing playlist 512
Found 1 tracks out of 1
Testing playlist 996
Found 1 tracks out of 1
Testing playlist 513
Found 1 tracks out of 2
Testing playlist 997
Found 4 tracks out of 8
Testing playlist 514
Found 0 tracks out of 2
Testing playlist 998
Found 8 tracks out of 10
Testing playlist 515
Testing playlist 999
Found 0 tracks out of 2
Testing playlist 516
Found 8 tracks out of 14
Testing playlist 517
Found 0 tracks out of 1
Testing playlist 518
Found 1 tracks out of 1
Testing playlist 519
Found 0 tracks out of 2
Testing playlist 520
Found 1 tracks out of 1
Testing playlist 521
Found 3 tracks out of 8
Testing playlist 522
Found 2 tracks out of 2
Testing playlist 523
Found 2 tracks out of 4
Testing playlist 524
Found 2 tracks out of 2
Testing playlist 525
Found 4 tracks out of 4
Testing playlist 526
Found 9 tracks out of 10
Testing playlist 527
Found 1 tracks out of 3
Testing playlist 528
Found 6 tracks out of 11
Testing playlist 529
Found 1 tracks out of 2
Testing playlist 530
Found 2 tracks out of 3
Testing playlist 531
Testing playlist 532
Found 5 tracks out of 9
Testing playlist 533
Found 3 tracks out of 3
Testing playlist 534
Testing playlist 535
Found 2 tracks out of 3
Testing playlist 536
Found 1 tracks out of 2
Testing playlist 537
Found 1 tracks out of 1
Testing playlist 538
Testing playlist 539
Testing playlist 540
Found 2 tracks out of 3
Testing playlist 541
Found 1 tracks out of 3
Testing playlist 542
Found 5 tracks out of 6
Testing playlist 543
Found 4 tracks out of 5
Testing playlist 544
Found 0 tracks out of 4
Testing playlist 545
Found 0 tracks out of 1
Testing playlist 546
Found 5 tracks out of 5
Testing playlist 547
Found 1 tracks out of 1
Testing playlist 548
Found 0 tracks out of 1
Testing playlist 549
Found 2 tracks out of 3
Testing playlist 550
Found 0 tracks out of 1
Testing playlist 551
Found 2 tracks out of 2
Testing playlist 552
Found 6 tracks out of 7
Testing playlist 553
Found 2 tracks out of 3
Testing playlist 554
Found 2 tracks out of 4
Testing playlist 555
Found 1 tracks out of 2
Testing playlist 556
Found 3 tracks out of 4
Testing playlist 557
Found 3 tracks out of 3
Testing playlist 558
Found 3 tracks out of 3
Testing playlist 559
Found 12 tracks out of 20
Testing playlist 560
Found 12 tracks out of 15
Testing playlist 561
Found 2 tracks out of 3
Testing playlist 562
Found 8 tracks out of 9
Testing playlist 563
Found 1 tracks out of 1
Testing playlist 564
Testing playlist 565
Found 10 tracks out of 13
Testing playlist 566
Testing playlist 567
Found 4 tracks out of 5
Testing playlist 568
Found 1 tracks out of 1
Testing playlist 569
Found 1 tracks out of 2
Testing playlist 570
Found 0 tracks out of 2
Testing playlist 571
Found 1 tracks out of 1
Testing playlist 572
Found 11 tracks out of 17
Testing playlist 573
Found 2 tracks out of 6
Testing playlist 574
Found 0 tracks out of 1
Testing playlist 575
Found 4 tracks out of 4
Testing playlist 576
Found 1 tracks out of 2
Testing playlist 577
Found 0 tracks out of 2
Testing playlist 578
Found 2 tracks out of 2
Testing playlist 579
Found 2 tracks out of 2
Testing playlist 580
Found 4 tracks out of 4
Testing playlist 581
Found 2 tracks out of 5
Testing playlist 582
Found 1 tracks out of 2
Testing playlist 583
Found 4 tracks out of 6
Testing playlist 100
Testing playlist 584
Found 8 tracks out of 15
Testing playlist 101
Found 1 tracks out of 1
Testing playlist 585
Found 7 tracks out of 12
Testing playlist 102
Found 2 tracks out of 3
Testing playlist 586
Found 0 tracks out of 1
Testing playlist 103
Found 5 tracks out of 11
Testing playlist 587
Testing playlist 104
Found 3 tracks out of 5
Testing playlist 588
Found 0 tracks out of 4
Testing playlist 105
Found 6 tracks out of 9
Testing playlist 589
Found 3 tracks out of 6
Testing playlist 106
Found 4 tracks out of 5
Testing playlist 107
Found 5 tracks out of 6
Testing playlist 108
Found 6 tracks out of 6
Testing playlist 109
Found 5 tracks out of 6
Testing playlist 590
Found 4 tracks out of 5
Testing playlist 591
Found 1 tracks out of 1
Testing playlist 592
Found 0 tracks out of 2
Testing playlist 593
Found 3 tracks out of 5
Testing playlist 110
Testing playlist 594
Found 2 tracks out of 3
Testing playlist 111
Found 2 tracks out of 2
Testing playlist 595
Found 1 tracks out of 2
Testing playlist 112
Found 0 tracks out of 1
Testing playlist 596
Found 2 tracks out of 5
Testing playlist 113
Found 1 tracks out of 1
Testing playlist 597
Found 0 tracks out of 1
Testing playlist 114
Found 1 tracks out of 1
Testing playlist 598
Found 1 tracks out of 1
Testing playlist 115
Found 11 tracks out of 17
Testing playlist 599
Found 0 tracks out of 1
Testing playlist 116
Found 0 tracks out of 1
Testing playlist 117
Testing playlist 118
Found 0 tracks out of 2
Testing playlist 119
Found 1 tracks out of 1
Testing playlist 120
Found 6 tracks out of 9
Testing playlist 121
Found 6 tracks out of 13
Testing playlist 122
Found 1 tracks out of 2
Testing playlist 123
Found 16 tracks out of 21
Testing playlist 124
Found 8 tracks out of 14
Testing playlist 125
Found 1 tracks out of 2
Testing playlist 126
Found 2 tracks out of 2
Testing playlist 127
Found 2 tracks out of 2
Testing playlist 128
Found 0 tracks out of 1
Testing playlist 129
Found 5 tracks out of 8
Testing playlist 130
Found 4 tracks out of 14
Testing playlist 131
Found 3 tracks out of 8
Testing playlist 132
Testing playlist 133
Found 0 tracks out of 1
Testing playlist 134
Found 11 tracks out of 18
Testing playlist 135
Found 4 tracks out of 4
Testing playlist 136
Found 1 tracks out of 2
Testing playlist 137
Found 1 tracks out of 2
Testing playlist 138
Found 2 tracks out of 7
Testing playlist 139
Found 0 tracks out of 2
Testing playlist 1809
Found 1 tracks out of 2
Testing playlist 140
Found 1 tracks out of 3
Testing playlist 141
Found 1 tracks out of 1
Testing playlist 142
Found 0 tracks out of 1
Testing playlist 143
Found 2 tracks out of 3
Testing playlist 1800
Found 2 tracks out of 3
Testing playlist 144
Found 0 tracks out of 2
Testing playlist 145
Found 3 tracks out of 4
Testing playlist 146
Found 14 tracks out of 17
Testing playlist 147
Found 0 tracks out of 1
Testing playlist 148
Found 5 tracks out of 10
Testing playlist 149
Found 2 tracks out of 2
Testing playlist 1808
Found 2 tracks out of 4
Testing playlist 1807
Found 2 tracks out of 2
Testing playlist 1806
Found 8 tracks out of 8
Testing playlist 1805
Found 0 tracks out of 2
Testing playlist 1804
Found 1 tracks out of 1
Testing playlist 1803
Found 4 tracks out of 4
Testing playlist 1802
Testing playlist 1801
Found 0 tracks out of 2
Testing playlist 150
Found 9 tracks out of 12
Testing playlist 151
Found 1 tracks out of 2
Testing playlist 152
Found 5 tracks out of 7
Testing playlist 153
Found 1 tracks out of 2
Testing playlist 154
Found 5 tracks out of 5
Testing playlist 1811
Found 5 tracks out of 8
Testing playlist 155
Found 0 tracks out of 1
Testing playlist 1810
Found 4 tracks out of 5
Testing playlist 156
Found 10 tracks out of 13
Testing playlist 157
Found 0 tracks out of 1
Testing playlist 158
Found 2 tracks out of 7
Testing playlist 159
Found 1 tracks out of 2
Testing playlist 1819
Testing playlist 1818
Testing playlist 1817
Found 3 tracks out of 4
Testing playlist 1816
Found 2 tracks out of 5
Testing playlist 1815
Found 3 tracks out of 6
Testing playlist 1814
Found 4 tracks out of 10
Testing playlist 1813
Found 9 tracks out of 13
Testing playlist 1812
Found 2 tracks out of 8
Testing playlist 160
Found 1 tracks out of 1
Testing playlist 161
Found 8 tracks out of 13
Testing playlist 162
Found 1 tracks out of 1
Testing playlist 163
Found 2 tracks out of 3
Testing playlist 164
Found 4 tracks out of 4
Testing playlist 165
Testing playlist 1822
Found 2 tracks out of 6
Testing playlist 166
Found 3 tracks out of 4
Testing playlist 1821
Found 7 tracks out of 9
Testing playlist 167
Found 2 tracks out of 2
Testing playlist 1820
Found 0 tracks out of 1
Testing playlist 168
Found 1 tracks out of 1
Testing playlist 169
Found 1 tracks out of 4
Testing playlist 1829
Found 5 tracks out of 6
Testing playlist 1828
Found 7 tracks out of 15
Testing playlist 1827
Found 4 tracks out of 8
Testing playlist 1826
Found 3 tracks out of 3
Testing playlist 1825
Found 11 tracks out of 18
Testing playlist 1824
Found 4 tracks out of 10
Testing playlist 1823
Found 3 tracks out of 4
Testing playlist 170
Found 5 tracks out of 5
Testing playlist 171
Found 0 tracks out of 2
Testing playlist 172
Found 1 tracks out of 3
Testing playlist 173
Found 1 tracks out of 5
Testing playlist 174
Testing playlist 175
Found 1 tracks out of 1
Testing playlist 176
Found 8 tracks out of 13
Testing playlist 1833
Found 0 tracks out of 1
Testing playlist 177
Found 0 tracks out of 2
Testing playlist 1832
Found 2 tracks out of 2
Testing playlist 178
Found 5 tracks out of 6
Testing playlist 1831
Found 7 tracks out of 10
Testing playlist 179
Found 1 tracks out of 2
Testing playlist 1830
Found 4 tracks out of 6
Testing playlist 1839
Testing playlist 1838
Found 2 tracks out of 7
Testing playlist 1837
Found 1 tracks out of 1
Testing playlist 1836
Found 6 tracks out of 7
Testing playlist 1835
Testing playlist 1834
Testing playlist 180
Found 0 tracks out of 1
Testing playlist 181
Found 1 tracks out of 2
Testing playlist 182
Found 7 tracks out of 15
Testing playlist 183
Found 4 tracks out of 4
Testing playlist 184
Found 3 tracks out of 4
Testing playlist 185
Found 4 tracks out of 12
Testing playlist 186
Found 3 tracks out of 4
Testing playlist 187
Found 0 tracks out of 1
Testing playlist 1844
Found 1 tracks out of 1
Testing playlist 188
Testing playlist 1843
Found 1 tracks out of 1
Testing playlist 189
Found 1 tracks out of 1
Testing playlist 1842
Found 7 tracks out of 11
Testing playlist 1841
Found 9 tracks out of 13
Testing playlist 1840
Found 2 tracks out of 4
Testing playlist 1849
Found 0 tracks out of 2
Testing playlist 1848
Found 1 tracks out of 1
Testing playlist 1847
Found 1 tracks out of 1
Testing playlist 1846
Found 0 tracks out of 4
Testing playlist 1845
Found 1 tracks out of 1
Testing playlist 190
Found 4 tracks out of 5
Testing playlist 191
Found 2 tracks out of 2
Testing playlist 192
Found 2 tracks out of 3
Testing playlist 193
Found 1 tracks out of 1
Testing playlist 194
Found 3 tracks out of 10
Testing playlist 195
Found 0 tracks out of 2
Testing playlist 196
Testing playlist 197
Found 2 tracks out of 3
Testing playlist 198
Testing playlist 1855
Found 6 tracks out of 8
Testing playlist 199
Found 1 tracks out of 1
Testing playlist 1854
Found 0 tracks out of 1
Testing playlist 1853
Found 11 tracks out of 14
Testing playlist 1852
Found 0 tracks out of 3
Testing playlist 1851
Found 2 tracks out of 7
Testing playlist 1850
Testing playlist 1859
Found 2 tracks out of 2
Testing playlist 1858
Found 2 tracks out of 2
Testing playlist 1857
Found 9 tracks out of 15
Testing playlist 1856
Found 6 tracks out of 7
Testing playlist 1866
Found 4 tracks out of 11
Testing playlist 1865
Found 5 tracks out of 9
Testing playlist 1864
Found 1 tracks out of 4
Testing playlist 1863
Found 5 tracks out of 5
Testing playlist 1862
Found 6 tracks out of 6
Testing playlist 1861
Found 0 tracks out of 3
Testing playlist 1860
Found 1 tracks out of 2
Testing playlist 1869
Found 3 tracks out of 12
Testing playlist 1868
Found 0 tracks out of 2
Testing playlist 1867
Found 4 tracks out of 4
Testing playlist 1880
Found 4 tracks out of 6
Testing playlist 1877
Found 2 tracks out of 4
Testing playlist 1876
Found 3 tracks out of 5
Testing playlist 1875
Found 4 tracks out of 5
Testing playlist 1874
Found 5 tracks out of 8
Testing playlist 1873
Found 3 tracks out of 5
Testing playlist 1872
Found 4 tracks out of 5
Testing playlist 1871
Found 2 tracks out of 4
Testing playlist 1870
Testing playlist 1879
Found 3 tracks out of 3
Testing playlist 1878
Testing playlist 1891
Found 2 tracks out of 3
Testing playlist 1890
Found 2 tracks out of 4
Testing playlist 1404
Found 4 tracks out of 4
Testing playlist 1888
Found 0 tracks out of 2
Testing playlist 1403
Found 7 tracks out of 7
Testing playlist 1887
Found 1 tracks out of 2
Testing playlist 1402
Found 2 tracks out of 7
Testing playlist 1886
Found 2 tracks out of 3
Testing playlist 1401
Found 0 tracks out of 1
Testing playlist 1885
Found 0 tracks out of 2
Testing playlist 1400
Found 2 tracks out of 2
Testing playlist 1884
Found 5 tracks out of 8
Testing playlist 1883
Found 1 tracks out of 2
Testing playlist 1882
Found 2 tracks out of 3
Testing playlist 1881
Found 1 tracks out of 1
Testing playlist 1409
Found 11 tracks out of 16
Testing playlist 1408
Found 2 tracks out of 3
Testing playlist 1407
Found 3 tracks out of 4
Testing playlist 1406
Found 5 tracks out of 15
Testing playlist 1405
Found 1 tracks out of 1
Testing playlist 1889
Found 1 tracks out of 1
Testing playlist 1415
Found 4 tracks out of 4
Testing playlist 1899
Found 3 tracks out of 3
Testing playlist 1414
Found 2 tracks out of 4
Testing playlist 1898
Found 2 tracks out of 3
Testing playlist 1413
Found 8 tracks out of 10
Testing playlist 1897
Found 1 tracks out of 4
Testing playlist 1412
Found 7 tracks out of 7
Testing playlist 1896
Found 9 tracks out of 12
Testing playlist 1411
Found 1 tracks out of 2
Testing playlist 1895
Found 2 tracks out of 2
Testing playlist 1410
Found 2 tracks out of 3
Testing playlist 1894
Found 8 tracks out of 11
Testing playlist 1893
Found 5 tracks out of 7
Testing playlist 1892
Testing playlist 1419
Found 0 tracks out of 1
Testing playlist 1418
Found 3 tracks out of 4
Testing playlist 1417
Found 4 tracks out of 4
Testing playlist 1416
Found 1 tracks out of 1
Testing playlist 1426
Found 2 tracks out of 2
Testing playlist 1425
Found 6 tracks out of 8
Testing playlist 1424
Found 3 tracks out of 4
Testing playlist 1423
Found 2 tracks out of 8
Testing playlist 1422
Testing playlist 1421
Found 3 tracks out of 3
Testing playlist 1420
Found 0 tracks out of 3
Testing playlist 1429
Testing playlist 1428
Found 2 tracks out of 2
Testing playlist 1427
Found 1 tracks out of 1
Testing playlist 1440
Found 1 tracks out of 1
Testing playlist 1437
Found 13 tracks out of 13
Testing playlist 1436
Found 0 tracks out of 1
Testing playlist 1435
Found 4 tracks out of 4
Testing playlist 1434
Found 0 tracks out of 1
Testing playlist 1433
Found 2 tracks out of 2
Testing playlist 1432
Found 1 tracks out of 3
Testing playlist 1431
Found 1 tracks out of 3
Testing playlist 1430
Found 8 tracks out of 8
Testing playlist 1439
Found 1 tracks out of 1
Testing playlist 1438
Found 3 tracks out of 4
Testing playlist 1451
Found 4 tracks out of 4
Testing playlist 1450
Testing playlist 1448
Found 8 tracks out of 10
Testing playlist 1447
Found 1 tracks out of 1
Testing playlist 1446
Found 2 tracks out of 4
Testing playlist 1445
Found 8 tracks out of 9
Testing playlist 1444
Testing playlist 1443
Found 2 tracks out of 5
Testing playlist 1442
Found 4 tracks out of 4
Testing playlist 1441
Found 0 tracks out of 1
Testing playlist 1449
Found 3 tracks out of 5
Precision @ 10 19.927792468968935 - 0.011070995816093852
Precision @ 50 0.10108956666064513
Precision @ 100 0.2056816971489312
Precision @ 200 0.34969291087596044
Precision @ 500 0.5178594595214823
Precision @ 1000 0.6262125716107267
Testing completed in 18524 secs
[INFO] ------------------------------------------------------------------------
[INFO] BUILD SUCCESS
[INFO] ------------------------------------------------------------------------
[INFO] Total time: 05:08 h
[INFO] Finished at: 2018-05-06T01:47:18-05:00
[INFO] Final Memory: 7M/34M
[INFO] ------------------------------------------------------------------------
